Change Component Designator: Old Designator=C6 New Designator=C5
Change Component Designator: Old Designator=C7 New Designator=C6
Change Component Designator: Old Designator=C8 New Designator=C11
Change Component Designator: Old Designator=C8 New Designator=C15
Change Component Designator: Old Designator=C8 New Designator=C17
Change Component Designator: Old Designator=C8 New Designator=C24
Change Component Designator: Old Designator=C8 New Designator=C26
Change Component Designator: Old Designator=C9 New Designator=C12
Change Component Designator: Old Designator=C9 New Designator=C16
Change Component Designator: Old Designator=C9 New Designator=C18
Change Component Designator: Old Designator=C9 New Designator=C25
Change Component Designator: Old Designator=C9 New Designator=C27
Change Component Designator: Old Designator=C14 New Designator=C4
Change Component Designator: Old Designator=C? New Designator=C7
Change Component Designator: Old Designator=C? New Designator=C10
Change Component Designator: Old Designator=C? New Designator=C13
Change Component Designator: Old Designator=C? New Designator=C14
Change Component Designator: Old Designator=C? New Designator=C19
Change Component Designator: Old Designator=C? New Designator=C20
Change Component Designator: Old Designator=C? New Designator=C21
Change Component Designator: Old Designator=C? New Designator=C22
Change Component Designator: Old Designator=C? New Designator=C23
Change Component Designator: Old Designator=D3 New Designator=D2
Change Component Designator: Old Designator=LED12 New Designator=LED15
Change Component Designator: Old Designator=LED13 New Designator=LED16
Change Component Designator: Old Designator=LED14 New Designator=LED12
Change Component Designator: Old Designator=LED15 New Designator=LED13
Change Component Designator: Old Designator=LED16 New Designator=LED14
Change Component Designator: Old Designator=LED16 New Designator=LED17
Change Component Designator: Old Designator=LED16 New Designator=LED18
Change Component Designator: Old Designator=P1 New Designator=P2
Change Component Designator: Old Designator=P? New Designator=P1
Change Component Designator: Old Designator=P? New Designator=P3
Change Component Designator: Old Designator=R3 New Designator=R5
Change Component Designator: Old Designator=R5 New Designator=R7
Change Component Designator: Old Designator=R7 New Designator=R10
Change Component Designator: Old Designator=R8 New Designator=R6
Change Component Designator: Old Designator=R9 New Designator=R2
Change Component Designator: Old Designator=R9 New Designator=R8
Change Component Designator: Old Designator=R9 New Designator=R11
Change Component Designator: Old Designator=R10 New Designator=R9
Change Component Designator: Old Designator=R11 New Designator=R28
Change Component Designator: Old Designator=R20 New Designator=R31
Change Component Designator: Old Designator=R20 New Designator=R32
Change Component Designator: Old Designator=R20 New Designator=R35
Change Component Designator: Old Designator=R20 New Designator=R36
Change Component Designator: Old Designator=R20 New Designator=R40
Change Component Designator: Old Designator=R20 New Designator=R41
Change Component Designator: Old Designator=R20 New Designator=R47
Change Component Designator: Old Designator=R20 New Designator=R48
Change Component Designator: Old Designator=R20 New Designator=R51
Change Component Designator: Old Designator=R20 New Designator=R52
Change Component Designator: Old Designator=R20 New Designator=R55
Change Component Designator: Old Designator=R20 New Designator=R56
Change Component Designator: Old Designator=R20 New Designator=R62
Change Component Designator: Old Designator=R20 New Designator=R64
Change Component Designator: Old Designator=R20 New Designator=R66
Change Component Designator: Old Designator=R20 New Designator=R67
Change Component Designator: Old Designator=R21 New Designator=R42
Change Component Designator: Old Designator=R21 New Designator=R43
Change Component Designator: Old Designator=R21 New Designator=R57
Change Component Designator: Old Designator=R21 New Designator=R58
Change Component Designator: Old Designator=R21 New Designator=R68
Change Component Designator: Old Designator=R21 New Designator=R69
Change Component Designator: Old Designator=R22 New Designator=R33
Change Component Designator: Old Designator=R22 New Designator=R34
Change Component Designator: Old Designator=R22 New Designator=R38
Change Component Designator: Old Designator=R22 New Designator=R39
Change Component Designator: Old Designator=R22 New Designator=R44
Change Component Designator: Old Designator=R22 New Designator=R45
Change Component Designator: Old Designator=R22 New Designator=R49
Change Component Designator: Old Designator=R22 New Designator=R50
Change Component Designator: Old Designator=R22 New Designator=R53
Change Component Designator: Old Designator=R22 New Designator=R54
Change Component Designator: Old Designator=R22 New Designator=R59
Change Component Designator: Old Designator=R22 New Designator=R60
Change Component Designator: Old Designator=R22 New Designator=R61
Change Component Designator: Old Designator=R22 New Designator=R63
Change Component Designator: Old Designator=R22 New Designator=R65
Change Component Designator: Old Designator=R22 New Designator=R70
Change Component Designator: Old Designator=R22 New Designator=R71
Change Component Designator: Old Designator=R? New Designator=R3
Change Component Designator: Old Designator=R? New Designator=R12
Change Component Designator: Old Designator=R? New Designator=R13
Change Component Designator: Old Designator=R? New Designator=R14
Change Component Designator: Old Designator=R? New Designator=R15
Change Component Designator: Old Designator=R? New Designator=R16
Change Component Designator: Old Designator=R? New Designator=R17
Change Component Designator: Old Designator=R? New Designator=R18
Change Component Designator: Old Designator=R? New Designator=R19
Change Component Designator: Old Designator=R? New Designator=R20
Change Component Designator: Old Designator=R? New Designator=R21
Change Component Designator: Old Designator=R? New Designator=R22
Change Component Designator: Old Designator=R? New Designator=R23
Change Component Designator: Old Designator=R? New Designator=R24
Change Component Designator: Old Designator=R? New Designator=R25
Change Component Designator: Old Designator=R? New Designator=R26
Change Component Designator: Old Designator=R? New Designator=R27
Change Component Designator: Old Designator=R? New Designator=R29
Change Component Designator: Old Designator=R? New Designator=R30
Change Component Designator: Old Designator=R? New Designator=R37
Change Component Designator: Old Designator=R? New Designator=R46
Change Component Designator: Old Designator=R? New Designator=R72
Change Component Designator: Old Designator=R? New Designator=R73
Change Component Designator: Old Designator=R? New Designator=R74
Change Component Designator: Old Designator=S3 New Designator=S1
Change Component Designator: Old Designator=S3 New Designator=S2
Change Component Designator: Old Designator=S3 New Designator=S4
Change Component Designator: Old Designator=S3 New Designator=S5
Change Component Designator: Old Designator=S3 New Designator=S6
Change Component Designator: Old Designator=S3 New Designator=S7
Change Component Designator: Old Designator=S3 New Designator=S8
Change Component Designator: Old Designator=S3 New Designator=S9
Change Component Designator: Old Designator=S3 New Designator=S10
Change Component Designator: Old Designator=S3 New Designator=S11
Change Component Designator: Old Designator=S3 New Designator=S12
Change Component Designator: Old Designator=S3 New Designator=S13
Change Component Designator: Old Designator=S3 New Designator=S14
Change Component Designator: Old Designator=S3 New Designator=S15
Change Component Designator: Old Designator=S3 New Designator=S16
Change Component Designator: Old Designator=U1 New Designator=U2
Change Component Designator: Old Designator=U2 New Designator=U3
Change Component Designator: Old Designator=U2 New Designator=U7
Change Component Designator: Old Designator=U3 New Designator=U8
Change Component Designator: Old Designator=U3 New Designator=U9
Change Component Designator: Old Designator=U3 New Designator=U10
Change Component Designator: Old Designator=U3 New Designator=U11
Change Component Designator: Old Designator=U3 New Designator=U12
Change Component Designator: Old Designator=U3 New Designator=U13
Change Component Designator: Old Designator=U9 New Designator=U4
Change Component Designator: Old Designator=U10 New Designator=U5
Change Component Designator: Old Designator=U? New Designator=U6
Change Component Designator: Old Designator=X? New Designator=X1
