Removed Pin From Net: NetName=VCC3.3V Pin=C12-1
Removed Pin From Net: NetName=GND Pin=C13-1
Removed Pin From Net: NetName=VCC3.3V Pin=C13-2
Removed Pin From Net: NetName=VCC3.3V Pin=L1-2
Removed Pin From Net: NetName=VCC3.3V Pin=R26-2
Removed Pin From Net: NetName=VCC3.3V Pin=R28-2
Removed Pin From Net: NetName=GND Pin=U1-9
Removed Member From Class: ClassName=MAIN Member=C13
Added Component: Designator=C30(C1206)
Added Component: Designator=L2(L0805)
Added Pin To Net: NetName=GND Pin=C30-1
Added Pin To Net: NetName=VCC3.3V Pin=L2-2
Added Pin To Net: NetName=NetC12_1 Pin=C12-1
Added Pin To Net: NetName=NetC12_1 Pin=C30-2
Added Pin To Net: NetName=NetC12_1 Pin=L1-2
Added Pin To Net: NetName=NetC12_1 Pin=L2-1
Added Pin To Net: NetName=NetC12_1 Pin=R26-2
Added Pin To Net: NetName=NetC12_1 Pin=R28-2
Added Net: Name=NetC12_1
Added Member To Class: ClassName=MAIN Member=Component C30 10uF
Added Member To Class: ClassName=MAIN Member=Component L2 L0805
