Removed Pin From Net: NetName=5V Pin=R45-2
Removed Pin From Net: NetName=NetQ2_1 Pin=R46-1
Removed Pin From Net: NetName=5V Pin=R46-2
Change Component DesignItemId : Designator=Q1 Old DesignItemId= New DesignItemId=8050-SMD
Change Component DesignItemId : Designator=Q3 Old DesignItemId= New DesignItemId=8050-SMD
Change Component DesignItemId : Designator=Q2 Old DesignItemId= New DesignItemId=8550-SMD
Change Component DesignItemId : Designator=B1 Old DesignItemId= New DesignItemId=BEEP
Change Component DesignItemId : Designator=E1 Old DesignItemId= New DesignItemId=C-CD
Change Component DesignItemId : Designator=E2 Old DesignItemId= New DesignItemId=C-CM
Change Component DesignItemId : Designator=E3 Old DesignItemId= New DesignItemId=C-CM
Change Component DesignItemId : Designator=E4 Old DesignItemId= New DesignItemId=C-CM
Change Component DesignItemId : Designator=C1 Old DesignItemId= New DesignItemId=C
Change Component DesignItemId : Designator=C2 Old DesignItemId= New DesignItemId=C
Change Component DesignItemId : Designator=C3 Old DesignItemId= New DesignItemId=C
Change Component DesignItemId : Designator=C4 Old DesignItemId= New DesignItemId=C
Change Component DesignItemId : Designator=C5 Old DesignItemId= New DesignItemId=C
Change Component DesignItemId : Designator=C6 Old DesignItemId= New DesignItemId=C
Change Component DesignItemId : Designator=C7 Old DesignItemId= New DesignItemId=C
Change Component DesignItemId : Designator=C8 Old DesignItemId= New DesignItemId=C
Change Component DesignItemId : Designator=C9 Old DesignItemId= New DesignItemId=C
Change Component DesignItemId : Designator=C10 Old DesignItemId= New DesignItemId=C
Change Component DesignItemId : Designator=C11 Old DesignItemId= New DesignItemId=C
Change Component DesignItemId : Designator=C12 Old DesignItemId= New DesignItemId=C
Change Component DesignItemId : Designator=C13 Old DesignItemId= New DesignItemId=C
Change Component DesignItemId : Designator=C14 Old DesignItemId= New DesignItemId=C
Change Component DesignItemId : Designator=C15 Old DesignItemId= New DesignItemId=C
Change Component DesignItemId : Designator=C16 Old DesignItemId= New DesignItemId=C
Change Component DesignItemId : Designator=C17 Old DesignItemId= New DesignItemId=C
Change Component DesignItemId : Designator=C18 Old DesignItemId= New DesignItemId=C
Change Component DesignItemId : Designator=C19 Old DesignItemId= New DesignItemId=C
Change Component DesignItemId : Designator=C20 Old DesignItemId= New DesignItemId=C
Change Component DesignItemId : Designator=C21 Old DesignItemId= New DesignItemId=C
Change Component DesignItemId : Designator=C26 Old DesignItemId= New DesignItemId=C
Change Component DesignItemId : Designator=C27 Old DesignItemId= New DesignItemId=C
Change Component DesignItemId : Designator=C28 Old DesignItemId= New DesignItemId=C
Change Component DesignItemId : Designator=C29 Old DesignItemId= New DesignItemId=C
Change Component DesignItemId : Designator=C30 Old DesignItemId= New DesignItemId=C
Change Component DesignItemId : Designator=C31 Old DesignItemId= New DesignItemId=C
Change Component DesignItemId : Designator=J1 Old DesignItemId= New DesignItemId=CON2
Change Component DesignItemId : Designator=F1 Old DesignItemId= New DesignItemId=FU
Change Component DesignItemId : Designator=F2 Old DesignItemId= New DesignItemId=FU
Change Component DesignItemId : Designator=JP3 Old DesignItemId= New DesignItemId=Header 2
Change Component DesignItemId : Designator=JP9 Old DesignItemId= New DesignItemId=Header 2
Change Component DesignItemId : Designator=JP10 Old DesignItemId= New DesignItemId=Header 2
Change Component DesignItemId : Designator=JP11 Old DesignItemId= New DesignItemId=Header 2
Change Component DesignItemId : Designator=JP17 Old DesignItemId= New DesignItemId=Header 2
Change Component DesignItemId : Designator=JP2 Old DesignItemId= New DesignItemId=Header 2X2
Change Component DesignItemId : Designator=JP1 Old DesignItemId= New DesignItemId=Header 3
Change Component DesignItemId : Designator=JP14 Old DesignItemId= New DesignItemId=Header 3
Change Component DesignItemId : Designator=JP4 Old DesignItemId= New DesignItemId=Header 4
Change Component DesignItemId : Designator=JP5 Old DesignItemId= New DesignItemId=Header 4
Change Component DesignItemId : Designator=JP12 Old DesignItemId= New DesignItemId=Header 4
Change Component DesignItemId : Designator=JP13 Old DesignItemId= New DesignItemId=Header 4
Change Component DesignItemId : Designator=JP16 Old DesignItemId= New DesignItemId=Header 5
Change Component DesignItemId : Designator=JP15 Old DesignItemId= New DesignItemId=Header 7
Change Component DesignItemId : Designator=JP6 Old DesignItemId= New DesignItemId=Header 10
Change Component DesignItemId : Designator=JP7 Old DesignItemId= New DesignItemId=Header 14
Change Component DesignItemId : Designator=JP8 Old DesignItemId= New DesignItemId=Header 16
Change Component DesignItemId : Designator=RJ？1 Old DesignItemId= New DesignItemId=HR911105A
Change Component DesignItemId : Designator=L1 Old DesignItemId= New DesignItemId=L-CDRH
Change Component DesignItemId : Designator=L2 Old DesignItemId= New DesignItemId=L
Change Component DesignItemId : Designator=L3 Old DesignItemId= New DesignItemId=L
Change Component DesignItemId : Designator=U9 Old DesignItemId= New DesignItemId=LM324
Change Component DesignItemId : Designator=R21 Old DesignItemId= New DesignItemId=R-8P4R
Change Component DesignItemId : Designator=R22 Old DesignItemId= New DesignItemId=R-8P4R
Change Component DesignItemId : Designator=R27 Old DesignItemId= New DesignItemId=R-8P4R
Change Component DesignItemId : Designator=R17 Old DesignItemId= New DesignItemId=R-CRR
Change Component DesignItemId : Designator=R18 Old DesignItemId= New DesignItemId=R-CRR
Change Component DesignItemId : Designator=R28 Old DesignItemId= New DesignItemId=R-CRR
Change Component DesignItemId : Designator=R1 Old DesignItemId= New DesignItemId=R
Change Component DesignItemId : Designator=R2 Old DesignItemId= New DesignItemId=R
Change Component DesignItemId : Designator=R3 Old DesignItemId= New DesignItemId=R
Change Component DesignItemId : Designator=R4 Old DesignItemId= New DesignItemId=R
Change Component DesignItemId : Designator=R5 Old DesignItemId= New DesignItemId=R
Change Component DesignItemId : Designator=R6 Old DesignItemId= New DesignItemId=R
Change Component DesignItemId : Designator=R7 Old DesignItemId= New DesignItemId=R
Change Component DesignItemId : Designator=R8 Old DesignItemId= New DesignItemId=R
Change Component DesignItemId : Designator=R9 Old DesignItemId= New DesignItemId=R
Change Component DesignItemId : Designator=R10 Old DesignItemId= New DesignItemId=R
Change Component DesignItemId : Designator=R11 Old DesignItemId= New DesignItemId=R
Change Component DesignItemId : Designator=R12 Old DesignItemId= New DesignItemId=R
Change Component DesignItemId : Designator=R13 Old DesignItemId= New DesignItemId=R
Change Component DesignItemId : Designator=R14 Old DesignItemId= New DesignItemId=R
Change Component DesignItemId : Designator=R15 Old DesignItemId= New DesignItemId=R
Change Component DesignItemId : Designator=R16 Old DesignItemId= New DesignItemId=R
Change Component DesignItemId : Designator=R19 Old DesignItemId= New DesignItemId=R
Change Component DesignItemId : Designator=R20 Old DesignItemId= New DesignItemId=R
Change Component DesignItemId : Designator=R23 Old DesignItemId= New DesignItemId=R
Change Component DesignItemId : Designator=R24 Old DesignItemId= New DesignItemId=R
Change Component DesignItemId : Designator=R25 Old DesignItemId= New DesignItemId=R
Change Component DesignItemId : Designator=R26 Old DesignItemId= New DesignItemId=R
Change Component DesignItemId : Designator=R29 Old DesignItemId= New DesignItemId=R
Change Component DesignItemId : Designator=R30 Old DesignItemId= New DesignItemId=R
Change Component DesignItemId : Designator=R31 Old DesignItemId= New DesignItemId=R
Change Component DesignItemId : Designator=R32 Old DesignItemId= New DesignItemId=R
Change Component DesignItemId : Designator=R33 Old DesignItemId= New DesignItemId=R
Change Component DesignItemId : Designator=R34 Old DesignItemId= New DesignItemId=R
Change Component DesignItemId : Designator=R35 Old DesignItemId= New DesignItemId=R
Change Component DesignItemId : Designator=R36 Old DesignItemId= New DesignItemId=R
Change Component DesignItemId : Designator=R37 Old DesignItemId= New DesignItemId=R
Change Component DesignItemId : Designator=R38 Old DesignItemId= New DesignItemId=R
Change Component DesignItemId : Designator=R39 Old DesignItemId= New DesignItemId=R
Change Component DesignItemId : Designator=R40 Old DesignItemId= New DesignItemId=R
Change Component DesignItemId : Designator=R41 Old DesignItemId= New DesignItemId=R
Change Component DesignItemId : Designator=R42 Old DesignItemId= New DesignItemId=R
Change Component DesignItemId : Designator=R43 Old DesignItemId= New DesignItemId=R
Change Component DesignItemId : Designator=R44 Old DesignItemId= New DesignItemId=R
Change Component DesignItemId : Designator=R45 Old DesignItemId= New DesignItemId=R
Change Component DesignItemId : Designator=R46 Old DesignItemId= New DesignItemId=R
Change Component DesignItemId : Designator=R47 Old DesignItemId= New DesignItemId=R
Change Component DesignItemId : Designator=R48 Old DesignItemId= New DesignItemId=R
Change Component DesignItemId : Designator=J2 Old DesignItemId= New DesignItemId=SLA_PCIE
Change Component DesignItemId : Designator=VD1 Old DesignItemId= New DesignItemId=SS14
Change Component DesignItemId : Designator=TP2 Old DesignItemId= New DesignItemId=TEST TP
Change Component DesignItemId : Designator=TP3 Old DesignItemId= New DesignItemId=TEST TP
Change Component DesignItemId : Designator=TP5 Old DesignItemId= New DesignItemId=TEST TP
Change Component DesignItemId : Designator=TP6 Old DesignItemId= New DesignItemId=TEST TP
Change Component DesignItemId : Designator=TP9 Old DesignItemId= New DesignItemId=TEST TP
Change Component DesignItemId : Designator=TP10 Old DesignItemId= New DesignItemId=TEST TP
Change Component DesignItemId : Designator=TP12 Old DesignItemId= New DesignItemId=TEST TP
Change Component DesignItemId : Designator=TP13 Old DesignItemId= New DesignItemId=TEST TP
Change Component DesignItemId : Designator=TP15 Old DesignItemId= New DesignItemId=TEST TP
Change Component DesignItemId : Designator=U7 Old DesignItemId= New DesignItemId=TLP281-4
Change Component DesignItemId : Designator=SW1 Old DesignItemId= New DesignItemId=TSW DIP-6x6
Change Component DesignItemId : Designator=U2 Old DesignItemId= New DesignItemId=USR-WIFI232-A/B/D
Change Component DesignItemId : Designator=U4 Old DesignItemId= New DesignItemId=WS2812
Change Component DesignItemId : Designator=X1 Old DesignItemId= New DesignItemId=XTAL-4
Change Component DesignItemId : Designator=V1 Old DesignItemId=A New DesignItemId=AMS1117
Change Component DesignItemId : Designator=U3 Old DesignItemId=STM3 New DesignItemId=STM32F103V
Change Component DesignItemId : Designator=IC1 Old DesignItemId=TL4 New DesignItemId=TL431_SMD
Change Component DesignItemId : Designator=U1 Old DesignItemId=TPS5430/ New DesignItemId=TPS5430/1
Change Component Description : Designator=JP2 Old Description= New Description=2*2P接插件
Change Component Description : Designator=JP3 Old Description= New Description=2P接插件
Change Component Description : Designator=JP9 Old Description= New Description=2P接插件
Change Component Description : Designator=JP10 Old Description= New Description=2P接插件
Change Component Description : Designator=JP11 Old Description= New Description=2P接插件
Change Component Description : Designator=JP17 Old Description= New Description=2P接插件
Change Component Description : Designator=JP1 Old Description= New Description=3P接插件
Change Component Description : Designator=JP14 Old Description= New Description=3P接插件
Change Component Description : Designator=JP4 Old Description= New Description=4P接插件
Change Component Description : Designator=JP5 Old Description= New Description=4P接插件
Change Component Description : Designator=JP12 Old Description= New Description=4P接插件
Change Component Description : Designator=JP13 Old Description= New Description=4P接插件
Change Component Description : Designator=X1 Old Description= New Description=4脚晶振
Change Component Description : Designator=JP16 Old Description= New Description=5P接插件
Change Component Description : Designator=JP15 Old Description= New Description=7P接插件
Change Component Description : Designator=JP6 Old Description= New Description=10P接插件
Change Component Description : Designator=JP7 Old Description= New Description=14P接插件
Change Component Description : Designator=JP8 Old Description= New Description=16P接插件
Change Component Description : Designator=U3 Old Description= New Description=32位STM单片机100引脚
Change Component Description : Designator=J2 Old Description= New Description=SLA_MINI_PCIE
Change Component Description : Designator=V1 Old Description= New Description=三端稳压芯片
Change Component Description : Designator=U2 Old Description= New Description=串口转WIFI模块
Change Component Description : Designator=L1 Old Description= New Description=功率屏蔽电感
Change Component Description : Designator=IC1 Old Description= New Description=可调基准稳压芯片
Change Component Description : Designator=L2 Old Description= New Description=小功率贴片电感
Change Component Description : Designator=L3 Old Description= New Description=小功率贴片电感
Change Component Description : Designator=RJ？1 Old Description= New Description=带灯以太网接口
Change Component Description : Designator=J1 Old Description= New Description=插装条形连接器
Change Component Description : Designator=C1 Old Description= New Description=无极性贴片电容
Change Component Description : Designator=C2 Old Description= New Description=无极性贴片电容
Change Component Description : Designator=C3 Old Description= New Description=无极性贴片电容
Change Component Description : Designator=C4 Old Description= New Description=无极性贴片电容
Change Component Description : Designator=C5 Old Description= New Description=无极性贴片电容
Change Component Description : Designator=C6 Old Description= New Description=无极性贴片电容
Change Component Description : Designator=C7 Old Description= New Description=无极性贴片电容
Change Component Description : Designator=C8 Old Description= New Description=无极性贴片电容
Change Component Description : Designator=C9 Old Description= New Description=无极性贴片电容
Change Component Description : Designator=C10 Old Description= New Description=无极性贴片电容
Change Component Description : Designator=C11 Old Description= New Description=无极性贴片电容
Change Component Description : Designator=C12 Old Description= New Description=无极性贴片电容
Change Component Description : Designator=C13 Old Description= New Description=无极性贴片电容
Change Component Description : Designator=C14 Old Description= New Description=无极性贴片电容
Change Component Description : Designator=C15 Old Description= New Description=无极性贴片电容
Change Component Description : Designator=C16 Old Description= New Description=无极性贴片电容
Change Component Description : Designator=C17 Old Description= New Description=无极性贴片电容
Change Component Description : Designator=C18 Old Description= New Description=无极性贴片电容
Change Component Description : Designator=C19 Old Description= New Description=无极性贴片电容
Change Component Description : Designator=C20 Old Description= New Description=无极性贴片电容
Change Component Description : Designator=C21 Old Description= New Description=无极性贴片电容
Change Component Description : Designator=C26 Old Description= New Description=无极性贴片电容
Change Component Description : Designator=C27 Old Description= New Description=无极性贴片电容
Change Component Description : Designator=C28 Old Description= New Description=无极性贴片电容
Change Component Description : Designator=C29 Old Description= New Description=无极性贴片电容
Change Component Description : Designator=C30 Old Description= New Description=无极性贴片电容
Change Component Description : Designator=C31 Old Description= New Description=无极性贴片电容
Change Component Description : Designator=TP2 Old Description= New Description=测试环
Change Component Description : Designator=TP3 Old Description= New Description=测试环
Change Component Description : Designator=TP5 Old Description= New Description=测试环
Change Component Description : Designator=TP6 Old Description= New Description=测试环
Change Component Description : Designator=TP9 Old Description= New Description=测试环
Change Component Description : Designator=TP10 Old Description= New Description=测试环
Change Component Description : Designator=TP12 Old Description= New Description=测试环
Change Component Description : Designator=TP13 Old Description= New Description=测试环
Change Component Description : Designator=TP15 Old Description= New Description=测试环
Change Component Description : Designator=U5 Old Description= New Description=电机驱动H桥
Change Component Description : Designator=U6 Old Description= New Description=电机驱动H桥
Change Component Description : Designator=U8 Old Description= New Description=电机驱动H桥
Change Component Description : Designator=SW1 Old Description= New Description=直插6x6轻触开关
Change Component Description : Designator=R17 Old Description= New Description=直插色环电阻
Change Component Description : Designator=R18 Old Description= New Description=直插色环电阻
Change Component Description : Designator=R28 Old Description= New Description=直插色环电阻
Change Component Description : Designator=VD1 Old Description= New Description=肖特基二极管
Change Component Description : Designator=B1 Old Description= New Description=蜂鸣器
Change Component Description : Designator=LED1 Old Description= New Description=贴片LED
Change Component Description : Designator=LED2 Old Description= New Description=贴片LED
Change Component Description : Designator=LED3 Old Description= New Description=贴片LED
Change Component Description : Designator=F1 Old Description= New Description=贴片保险丝
Change Component Description : Designator=F2 Old Description= New Description=贴片保险丝
Change Component Description : Designator=E2 Old Description= New Description=贴片电解电容
Change Component Description : Designator=E3 Old Description= New Description=贴片电解电容
Change Component Description : Designator=E4 Old Description= New Description=贴片电解电容
Change Component Description : Designator=R1 Old Description= New Description=贴片电阻
Change Component Description : Designator=R2 Old Description= New Description=贴片电阻
Change Component Description : Designator=R3 Old Description= New Description=贴片电阻
Change Component Description : Designator=R4 Old Description= New Description=贴片电阻
Change Component Description : Designator=R5 Old Description= New Description=贴片电阻
Change Component Description : Designator=R6 Old Description= New Description=贴片电阻
Change Component Description : Designator=R7 Old Description= New Description=贴片电阻
Change Component Description : Designator=R8 Old Description= New Description=贴片电阻
Change Component Description : Designator=R9 Old Description= New Description=贴片电阻
Change Component Description : Designator=R10 Old Description= New Description=贴片电阻
Change Component Description : Designator=R11 Old Description= New Description=贴片电阻
Change Component Description : Designator=R12 Old Description= New Description=贴片电阻
Change Component Description : Designator=R13 Old Description= New Description=贴片电阻
Change Component Description : Designator=R14 Old Description= New Description=贴片电阻
Change Component Description : Designator=R15 Old Description= New Description=贴片电阻
Change Component Description : Designator=R16 Old Description= New Description=贴片电阻
Change Component Description : Designator=R19 Old Description= New Description=贴片电阻
Change Component Description : Designator=R20 Old Description= New Description=贴片电阻
Change Component Description : Designator=R23 Old Description= New Description=贴片电阻
Change Component Description : Designator=R24 Old Description= New Description=贴片电阻
Change Component Description : Designator=R25 Old Description= New Description=贴片电阻
Change Component Description : Designator=R26 Old Description= New Description=贴片电阻
Change Component Description : Designator=R29 Old Description= New Description=贴片电阻
Change Component Description : Designator=R30 Old Description= New Description=贴片电阻
Change Component Description : Designator=R31 Old Description= New Description=贴片电阻
Change Component Description : Designator=R32 Old Description= New Description=贴片电阻
Change Component Description : Designator=R33 Old Description= New Description=贴片电阻
Change Component Description : Designator=R34 Old Description= New Description=贴片电阻
Change Component Description : Designator=R35 Old Description= New Description=贴片电阻
Change Component Description : Designator=R36 Old Description= New Description=贴片电阻
Change Component Description : Designator=R37 Old Description= New Description=贴片电阻
Change Component Description : Designator=R38 Old Description= New Description=贴片电阻
Change Component Description : Designator=R39 Old Description= New Description=贴片电阻
Change Component Description : Designator=R40 Old Description= New Description=贴片电阻
Change Component Description : Designator=R41 Old Description= New Description=贴片电阻
Change Component Description : Designator=R42 Old Description= New Description=贴片电阻
Change Component Description : Designator=R43 Old Description= New Description=贴片电阻
Change Component Description : Designator=R44 Old Description= New Description=贴片电阻
Change Component Description : Designator=R45 Old Description= New Description=贴片电阻
Change Component Description : Designator=R46 Old Description= New Description=贴片电阻
Change Component Description : Designator=R47 Old Description= New Description=贴片电阻
Change Component Description : Designator=R48 Old Description= New Description=贴片电阻
Change Component Description : Designator=R21 Old Description= New Description=贴片网络排阻
Change Component Description : Designator=R22 Old Description= New Description=贴片网络排阻
Change Component Description : Designator=R27 Old Description= New Description=贴片网络排阻
Change Component Description : Designator=E1 Old Description= New Description=贴片钽电容
Change Component Description : Designator=U1 Old Description= New Description=贴片集成电路
Change Component Description : Designator=U9 Old Description= New Description=贴片集成电路
Change Component Description : Designator=U4 Old Description= New Description=集成LED灯
Change Component Description : Designator=Q1 Old Description= New Description=高频放大-NPN型
Change Component Description : Designator=Q3 Old Description= New Description=高频放大-NPN型
Change Component Description : Designator=Q2 Old Description= New Description=高频放大-PNP型
Change Component Library : Designator=VD1 Old Library= New Library=二极管-整流桥.SchLib
Change Component Library : Designator=U4 Old Library= New Library=元件库合集.SchLib
Change Component Library : Designator=RJ？1 Old Library= New Library=接口类.SchLib
Change Component Library : Designator=JP3 Old Library= New Library=接插件.SchLib
Change Component Library : Designator=JP4 Old Library= New Library=接插件.SchLib
Change Component Library : Designator=JP9 Old Library= New Library=接插件.SchLib
Change Component Library : Designator=JP10 Old Library= New Library=接插件.SchLib
Change Component Library : Designator=JP11 Old Library= New Library=接插件.SchLib
Change Component Library : Designator=JP17 Old Library= New Library=接插件.SchLib
Change Component Library : Designator=B1 Old Library= New Library=未分类器件.SchLib
Change Component Library : Designator=TP2 Old Library= New Library=未分类器件.SchLib
Change Component Library : Designator=TP3 Old Library= New Library=未分类器件.SchLib
Change Component Library : Designator=TP5 Old Library= New Library=未分类器件.SchLib
Change Component Library : Designator=TP6 Old Library= New Library=未分类器件.SchLib
Change Component Library : Designator=TP9 Old Library= New Library=未分类器件.SchLib
Change Component Library : Designator=TP10 Old Library= New Library=未分类器件.SchLib
Change Component Library : Designator=TP12 Old Library= New Library=未分类器件.SchLib
Change Component Library : Designator=TP13 Old Library= New Library=未分类器件.SchLib
Change Component Library : Designator=TP15 Old Library= New Library=未分类器件.SchLib
Change Component Library : Designator=F1 Old Library=? New Library=保险丝-晶振.SchLib
Change Component Library : Designator=F2 Old Library=? New Library=保险丝-晶振.SchLib
Change Component Library : Designator=J1 Old Library=YAANSch20090917.S New Library=YAANSch20090917.SchLib
Change Component Library : Designator=X1 Old Library=保? New Library=保险丝-晶振.SchLib
Change Component Library : Designator=U9 Old Library=元件? New Library=元件库合集.SchLib
Change Component Library : Designator=J2 Old Library=元件库 New Library=元件库合集.SchLib
Change Component Library : Designator=U2 Old Library=元件库 New Library=元件库合集.SchLib
Change Component Library : Designator=JP2 Old Library=接插? New Library=接插件.SchLib
Change Component Library : Designator=JP6 Old Library=接插? New Library=接插件.SchLib
Change Component Library : Designator=JP7 Old Library=接插? New Library=接插件.SchLib
Change Component Library : Designator=JP8 Old Library=接插? New Library=接插件.SchLib
Change Component Library : Designator=C1 Old Library=电阻 New Library=电阻-电容-电感.SchLib
Change Component Library : Designator=C2 Old Library=电阻 New Library=电阻-电容-电感.SchLib
Change Component Library : Designator=C5 Old Library=电阻 New Library=电阻-电容-电感.SchLib
Change Component Library : Designator=C6 Old Library=电阻 New Library=电阻-电容-电感.SchLib
Change Component Library : Designator=C7 Old Library=电阻 New Library=电阻-电容-电感.SchLib
Change Component Library : Designator=C8 Old Library=电阻 New Library=电阻-电容-电感.SchLib
Change Component Library : Designator=C9 Old Library=电阻 New Library=电阻-电容-电感.SchLib
Change Component Library : Designator=C10 Old Library=电阻 New Library=电阻-电容-电感.SchLib
Change Component Library : Designator=C11 Old Library=电阻 New Library=电阻-电容-电感.SchLib
Change Component Library : Designator=C12 Old Library=电阻 New Library=电阻-电容-电感.SchLib
Change Component Library : Designator=C13 Old Library=电阻 New Library=电阻-电容-电感.SchLib
Change Component Library : Designator=C14 Old Library=电阻 New Library=电阻-电容-电感.SchLib
Change Component Library : Designator=C15 Old Library=电阻 New Library=电阻-电容-电感.SchLib
Change Component Library : Designator=C16 Old Library=电阻 New Library=电阻-电容-电感.SchLib
Change Component Library : Designator=C17 Old Library=电阻 New Library=电阻-电容-电感.SchLib
Change Component Library : Designator=C18 Old Library=电阻 New Library=电阻-电容-电感.SchLib
Change Component Library : Designator=C19 Old Library=电阻 New Library=电阻-电容-电感.SchLib
Change Component Library : Designator=C20 Old Library=电阻 New Library=电阻-电容-电感.SchLib
Change Component Library : Designator=C21 Old Library=电阻 New Library=电阻-电容-电感.SchLib
Change Component Library : Designator=C26 Old Library=电阻 New Library=电阻-电容-电感.SchLib
Change Component Library : Designator=C27 Old Library=电阻 New Library=电阻-电容-电感.SchLib
Change Component Library : Designator=C28 Old Library=电阻 New Library=电阻-电容-电感.SchLib
Change Component Library : Designator=C29 Old Library=电阻 New Library=电阻-电容-电感.SchLib
Change Component Library : Designator=C30 Old Library=电阻 New Library=电阻-电容-电感.SchLib
Change Component Library : Designator=C31 Old Library=电阻 New Library=电阻-电容-电感.SchLib
Change Component Library : Designator=E1 Old Library=电阻 New Library=电阻-电容-电感.SchLib
Change Component Library : Designator=E2 Old Library=电阻 New Library=电阻-电容-电感.SchLib
Change Component Library : Designator=E3 Old Library=电阻 New Library=电阻-电容-电感.SchLib
Change Component Library : Designator=E4 Old Library=电阻 New Library=电阻-电容-电感.SchLib
Change Component Library : Designator=L1 Old Library=电阻 New Library=电阻-电容-电感.SchLib
Change Component Library : Designator=L2 Old Library=电阻 New Library=电阻-电容-电感.SchLib
Change Component Library : Designator=L3 Old Library=电阻 New Library=电阻-电容-电感.SchLib
Change Component Library : Designator=R1 Old Library=电阻 New Library=电阻-电容-电感.SchLib
Change Component Library : Designator=R2 Old Library=电阻 New Library=电阻-电容-电感.SchLib
Change Component Library : Designator=R3 Old Library=电阻 New Library=电阻-电容-电感.SchLib
Change Component Library : Designator=R4 Old Library=电阻 New Library=电阻-电容-电感.SchLib
Change Component Library : Designator=R5 Old Library=电阻 New Library=电阻-电容-电感.SchLib
Change Component Library : Designator=R6 Old Library=电阻 New Library=电阻-电容-电感.SchLib
Change Component Library : Designator=R7 Old Library=电阻 New Library=电阻-电容-电感.SchLib
Change Component Library : Designator=R8 Old Library=电阻 New Library=电阻-电容-电感.SchLib
Change Component Library : Designator=R9 Old Library=电阻 New Library=电阻-电容-电感.SchLib
Change Component Library : Designator=R10 Old Library=电阻 New Library=电阻-电容-电感.SchLib
Change Component Library : Designator=R11 Old Library=电阻 New Library=电阻-电容-电感.SchLib
Change Component Library : Designator=R12 Old Library=电阻 New Library=电阻-电容-电感.SchLib
Change Component Library : Designator=R13 Old Library=电阻 New Library=电阻-电容-电感.SchLib
Change Component Library : Designator=R14 Old Library=电阻 New Library=电阻-电容-电感.SchLib
Change Component Library : Designator=R15 Old Library=电阻 New Library=电阻-电容-电感.SchLib
Change Component Library : Designator=R16 Old Library=电阻 New Library=电阻-电容-电感.SchLib
Change Component Library : Designator=R17 Old Library=电阻 New Library=电阻-电容-电感.SchLib
Change Component Library : Designator=R18 Old Library=电阻 New Library=电阻-电容-电感.SchLib
Change Component Library : Designator=R19 Old Library=电阻 New Library=电阻-电容-电感.SchLib
Change Component Library : Designator=R20 Old Library=电阻 New Library=电阻-电容-电感.SchLib
Change Component Library : Designator=R21 Old Library=电阻 New Library=电阻-电容-电感.SchLib
Change Component Library : Designator=R22 Old Library=电阻 New Library=电阻-电容-电感.SchLib
Change Component Library : Designator=R23 Old Library=电阻 New Library=电阻-电容-电感.SchLib
Change Component Library : Designator=R24 Old Library=电阻 New Library=电阻-电容-电感.SchLib
Change Component Library : Designator=R25 Old Library=电阻 New Library=电阻-电容-电感.SchLib
Change Component Library : Designator=R26 Old Library=电阻 New Library=电阻-电容-电感.SchLib
Change Component Library : Designator=R27 Old Library=电阻 New Library=电阻-电容-电感.SchLib
Change Component Library : Designator=R28 Old Library=电阻 New Library=电阻-电容-电感.SchLib
Change Component Library : Designator=R29 Old Library=电阻 New Library=电阻-电容-电感.SchLib
Change Component Library : Designator=R30 Old Library=电阻 New Library=电阻-电容-电感.SchLib
Change Component Library : Designator=R31 Old Library=电阻 New Library=电阻-电容-电感.SchLib
Change Component Library : Designator=R32 Old Library=电阻 New Library=电阻-电容-电感.SchLib
Change Component Library : Designator=R33 Old Library=电阻 New Library=电阻-电容-电感.SchLib
Change Component Library : Designator=R34 Old Library=电阻 New Library=电阻-电容-电感.SchLib
Change Component Library : Designator=R35 Old Library=电阻 New Library=电阻-电容-电感.SchLib
Change Component Library : Designator=R36 Old Library=电阻 New Library=电阻-电容-电感.SchLib
Change Component Library : Designator=R37 Old Library=电阻 New Library=电阻-电容-电感.SchLib
Change Component Library : Designator=R38 Old Library=电阻 New Library=电阻-电容-电感.SchLib
Change Component Library : Designator=R39 Old Library=电阻 New Library=电阻-电容-电感.SchLib
Change Component Library : Designator=R40 Old Library=电阻 New Library=电阻-电容-电感.SchLib
Change Component Library : Designator=R41 Old Library=电阻 New Library=电阻-电容-电感.SchLib
Change Component Library : Designator=R42 Old Library=电阻 New Library=电阻-电容-电感.SchLib
Change Component Library : Designator=R43 Old Library=电阻 New Library=电阻-电容-电感.SchLib
Change Component Library : Designator=R44 Old Library=电阻 New Library=电阻-电容-电感.SchLib
Change Component Library : Designator=R45 Old Library=电阻 New Library=电阻-电容-电感.SchLib
Change Component Library : Designator=R46 Old Library=电阻 New Library=电阻-电容-电感.SchLib
Change Component Library : Designator=R47 Old Library=电阻 New Library=电阻-电容-电感.SchLib
Change Component Library : Designator=R48 Old Library=电阻 New Library=电阻-电容-电感.SchLib
Change Component Library : Designator=C3 Old Library=电阻-电容-电 New Library=电阻-电容-电感.SchLib
Change Component Library : Designator=C4 Old Library=电阻-电容-电 New Library=电阻-电容-电感.SchLib
Added Pin To Net: NetName=NetQ2_1 Pin=R45-2
Added Pin To Net: NetName=5V Pin=R46-1
Added Pin To Net: NetName=NetQ2_1 Pin=R46-2
