Added Component: Designator=B1(BEEP 6.5x12x8.5)
Added Component: Designator=C1(C 0603)
Added Component: Designator=C2(C 0603)
Added Component: Designator=C3(C 0805)
Added Component: Designator=C4(C 0805)
Added Component: Designator=C5(C 0805)
Added Component: Designator=C6(C 0603)
Added Component: Designator=C7(C 0603)
Added Component: Designator=C8(C 0603)
Added Component: Designator=C9(C 0603)
Added Component: Designator=C10(C 0603)
Added Component: Designator=C11(C 0603)
Added Component: Designator=C12(C 0603)
Added Component: Designator=C13(C 0603)
Added Component: Designator=C14(C 0603)
Added Component: Designator=C15(C 0603)
Added Component: Designator=C16(C 0603)
Added Component: Designator=C17(C 0603)
Added Component: Designator=C18(C 0603)
Added Component: Designator=C19(C 0603)
Added Component: Designator=C20(C 0603)
Added Component: Designator=C21(C 0603)
Added Component: Designator=C22(C 0603)
Added Component: Designator=C23(C 0603)
Added Component: Designator=C24(C 0603)
Added Component: Designator=C25(C 0603)
Added Component: Designator=C26(C 0603)
Added Component: Designator=C27(C 0603)
Added Component: Designator=C28(C 0603)
Added Component: Designator=C29(C 0603)
Added Component: Designator=C30(C 0603)
Added Component: Designator=C31(C 0603)
Added Component: Designator=E1(CD S(2012))
Added Component: Designator=E2(CM E(8*10.2))
Added Component: Designator=E3(CM E(8*10.2))
Added Component: Designator=E4(CM E(8*10.2))
Added Component: Designator=F1(FU 1206)
Added Component: Designator=F2(FU 0805)
Added Component: Designator=IC1(SOT23-3N)
Added Component: Designator=J1(kf128-3.81-2p)
Added Component: Designator=J2(MINI_PCIE)
Added Component: Designator=JP1(XH2.54-3P)
Added Component: Designator=JP2(HDR-2X2)
Added Component: Designator=JP3(HDR-1X2)
Added Component: Designator=JP4(HDR-1X4)
Added Component: Designator=JP5(XH2.54-4P)
Added Component: Designator=JP6(HDR-1X10)
Added Component: Designator=JP7(HDR-1X14)
Added Component: Designator=JP8(HDR-1X16)
Added Component: Designator=JP9(KF128-3.81-2P)
Added Component: Designator=JP10(KF128-3.81-2P)
Added Component: Designator=JP11(KF128-3.81-2P)
Added Component: Designator=JP12(XH2.54-4P_H)
Added Component: Designator=JP13(XH2.54-4P_H)
Added Component: Designator=JP14(XH2.54-3P)
Added Component: Designator=JP15(XH2.54-7P)
Added Component: Designator=JP16(XH2.54-5P_H)
Added Component: Designator=L1(CDRH73)
Added Component: Designator=L2(L 0805)
Added Component: Designator=L3(L 0805)
Added Component: Designator=LED1(LED 0603R)
Added Component: Designator=LED2(LED 0603R)
Added Component: Designator=LED3(LED 0603R)
Added Component: Designator=Q1(SOT23-3N)
Added Component: Designator=Q2(SOT23-3N)
Added Component: Designator=Q3(SOT23-3N)
Added Component: Designator=R1(R 0603)
Added Component: Designator=R2(R 0603)
Added Component: Designator=R3(R 0603)
Added Component: Designator=R4(R 0603)
Added Component: Designator=R5(R 0603)
Added Component: Designator=R6(R 0603)
Added Component: Designator=R7(R 0603)
Added Component: Designator=R8(R 0603)
Added Component: Designator=R9(R 0603)
Added Component: Designator=R10(R 0603)
Added Component: Designator=R11(R 0603)
Added Component: Designator=R12(R 0603)
Added Component: Designator=R13(R 0603)
Added Component: Designator=R14(R 0603)
Added Component: Designator=R15(R 0603)
Added Component: Designator=R16(R 0603)
Added Component: Designator=R17(RS 3W-V7)
Added Component: Designator=R18(RS 3W-V7)
Added Component: Designator=R19(R 0603)
Added Component: Designator=R20(R 0603)
Added Component: Designator=R21(RCA-8P4R-0603)
Added Component: Designator=R22(RCA-8P4R-0603)
Added Component: Designator=R23(R 0603)
Added Component: Designator=R24(R 0603)
Added Component: Designator=R25(R 0603)
Added Component: Designator=R26(R 0603)
Added Component: Designator=R27(RCA-8P4R-0603)
Added Component: Designator=R28(RS 3W-V7)
Added Component: Designator=R29(R 0603)
Added Component: Designator=R30(R 0603)
Added Component: Designator=R31(R 0603)
Added Component: Designator=R32(R 0603)
Added Component: Designator=R33(R 0603)
Added Component: Designator=R34(R 0603)
Added Component: Designator=R35(R 0603)
Added Component: Designator=R36(R 0603)
Added Component: Designator=R37(R 0603)
Added Component: Designator=R38(R 0603)
Added Component: Designator=R39(R 0603)
Added Component: Designator=R40(R 0603)
Added Component: Designator=R41(R 0603)
Added Component: Designator=R42(R 0603)
Added Component: Designator=R43(R 0603)
Added Component: Designator=R44(R 0603)
Added Component: Designator=R45(R 0603)
Added Component: Designator=R46(R 0603)
Added Component: Designator=R47(R 0603)
Added Component: Designator=R48(R 0603)
Added Component: Designator=RJ£¿1(RJ-45A12)
Added Component: Designator=SW1(TSW DIP-6*6*6)
Added Component: Designator=TP1(TEST TP1.4_BK)
Added Component: Designator=TP2(TEST TP1.4_BK)
Added Component: Designator=TP3(TEST TP1.4_BK)
Added Component: Designator=TP4(TEST TP1.4_BK)
Added Component: Designator=TP5(TEST TP1.4_BK)
Added Component: Designator=TP6(TEST TP1.4_BK)
Added Component: Designator=TP7(TEST TP1.4_BK)
Added Component: Designator=TP8(TEST TP1.4_BK)
Added Component: Designator=TP9(TEST TP1.4_BK)
Added Component: Designator=TP10(TEST TP1.4_BK)
Added Component: Designator=TP11(TEST TP1.4_BK)
Added Component: Designator=TP12(TEST TP1.4_BK)
Added Component: Designator=TP13(TEST TP1.4_BK)
Added Component: Designator=TP14(TEST TP1.4_BK)
Added Component: Designator=TP15(TEST TP1.4_BK)
Added Component: Designator=TP16(TEST TP1.4_BK)
Added Component: Designator=TP17(TEST TP1.4_BK)
Added Component: Designator=TP18(TEST TP1.4_BK)
Added Component: Designator=TP19(TEST TP1.4_BK)
Added Component: Designator=TP20(TEST TP1.4_BK)
Added Component: Designator=U2(USR-WIFI232-A/B/D)
Added Component: Designator=U3(LQFP100 14X14_N)
Added Component: Designator=U4(WS2812)
Added Component: Designator=U5(SO_PowerSO20)
Added Component: Designator=U6(SO_PowerSO20)
Added Component: Designator=U7(SOP16_n)
Added Component: Designator=U8(SO_PowerSO20)
Added Component: Designator=U9(SOP14_n)
Added Component: Designator=V1(SOT223_M)
Added Component: Designator=VD1(SMA)
Added Component: Designator=X1(XTAL-3225)
Added Pin To Net: NetName=3.3V Pin=B1-1
Added Pin To Net: NetName=3.3V Pin=C8-2
Added Pin To Net: NetName=3.3V Pin=C9-2
Added Pin To Net: NetName=3.3V Pin=C10-2
Added Pin To Net: NetName=3.3V Pin=C11-2
Added Pin To Net: NetName=3.3V Pin=C12-2
Added Pin To Net: NetName=3.3V Pin=E4-1
Added Pin To Net: NetName=3.3V Pin=F2-2
Added Pin To Net: NetName=3.3V Pin=JP3-1
Added Pin To Net: NetName=3.3V Pin=R4-1
Added Pin To Net: NetName=3.3V Pin=R5-1
Added Pin To Net: NetName=3.3V Pin=R6-1
Added Pin To Net: NetName=3.3V Pin=R7-2
Added Pin To Net: NetName=3.3V Pin=R10-2
Added Pin To Net: NetName=3.3V Pin=R12-1
Added Pin To Net: NetName=3.3V Pin=U2-2
Added Pin To Net: NetName=3.3V Pin=U3-11
Added Pin To Net: NetName=3.3V Pin=U3-22
Added Pin To Net: NetName=3.3V Pin=U3-28
Added Pin To Net: NetName=3.3V Pin=U3-50
Added Pin To Net: NetName=3.3V Pin=U3-75
Added Pin To Net: NetName=3.3V Pin=U3-100
Added Net: Name=3.3V
Added Pin To Net: NetName=5V Pin=F1-2
Added Pin To Net: NetName=5V Pin=J2-2
Added Pin To Net: NetName=5V Pin=J2-28
Added Pin To Net: NetName=5V Pin=J2-48
Added Pin To Net: NetName=5V Pin=J2-52
Added Pin To Net: NetName=5V Pin=JP4-1
Added Pin To Net: NetName=5V Pin=JP4-2
Added Pin To Net: NetName=5V Pin=JP8-1
Added Pin To Net: NetName=5V Pin=JP8-5
Added Pin To Net: NetName=5V Pin=JP8-9
Added Pin To Net: NetName=5V Pin=JP8-13
Added Pin To Net: NetName=5V Pin=JP15-4
Added Pin To Net: NetName=5V Pin=LED1-1
Added Pin To Net: NetName=5V Pin=Q2-2
Added Pin To Net: NetName=5V Pin=R13-2
Added Pin To Net: NetName=5V Pin=R14-2
Added Pin To Net: NetName=5V Pin=R15-2
Added Pin To Net: NetName=5V Pin=R16-2
Added Pin To Net: NetName=5V Pin=R19-2
Added Pin To Net: NetName=5V Pin=R20-2
Added Pin To Net: NetName=5V Pin=R21-5
Added Pin To Net: NetName=5V Pin=R21-6
Added Pin To Net: NetName=5V Pin=R21-7
Added Pin To Net: NetName=5V Pin=R21-8
Added Pin To Net: NetName=5V Pin=R23-2
Added Pin To Net: NetName=5V Pin=R25-2
Added Pin To Net: NetName=5V Pin=R29-2
Added Pin To Net: NetName=5V Pin=R43-2
Added Pin To Net: NetName=5V Pin=R45-2
Added Pin To Net: NetName=5V Pin=R46-2
Added Pin To Net: NetName=5V Pin=U4-1
Added Pin To Net: NetName=5V Pin=U9-4
Added Pin To Net: NetName=5V Pin=V1-3
Added Net: Name=5V
Added Pin To Net: NetName=BEEP_PWM Pin=R8-1
Added Pin To Net: NetName=BEEP_PWM Pin=U3-77
Added Net: Name=BEEP_PWM
Added Pin To Net: NetName=BOOT0 Pin=JP3-2
Added Pin To Net: NetName=BOOT0 Pin=R11-1
Added Pin To Net: NetName=BOOT0 Pin=U3-94
Added Net: Name=BOOT0
Added Pin To Net: NetName=CA Pin=R17-1
Added Pin To Net: NetName=CA Pin=U5-16
Added Pin To Net: NetName=CA Pin=U9-3
Added Net: Name=CA
Added Pin To Net: NetName=CB Pin=R18-1
Added Pin To Net: NetName=CB Pin=U6-16
Added Pin To Net: NetName=CB Pin=U9-5
Added Net: Name=CB
Added Pin To Net: NetName=CBUSY Pin=J2-8
Added Pin To Net: NetName=CBUSY Pin=U3-71
Added Net: Name=CBUSY
Added Pin To Net: NetName=CC Pin=R28-1
Added Pin To Net: NetName=CC Pin=U8-16
Added Pin To Net: NetName=CC Pin=U9-10
Added Net: Name=CC
Added Pin To Net: NetName=CRX Pin=J2-10
Added Pin To Net: NetName=CRX Pin=JP2-1
Added Net: Name=CRX
Added Pin To Net: NetName=CTX Pin=J2-12
Added Pin To Net: NetName=CTX Pin=JP2-2
Added Net: Name=CTX
Added Pin To Net: NetName=CURA Pin=R32-2
Added Pin To Net: NetName=CURA Pin=U3-33
Added Pin To Net: NetName=CURA Pin=U9-1
Added Net: Name=CURA
Added Pin To Net: NetName=CURB Pin=R33-2
Added Pin To Net: NetName=CURB Pin=U3-34
Added Pin To Net: NetName=CURB Pin=U9-7
Added Net: Name=CURB
Added Pin To Net: NetName=CURC Pin=R34-2
Added Pin To Net: NetName=CURC Pin=U3-15
Added Pin To Net: NetName=CURC Pin=U9-8
Added Net: Name=CURC
Added Pin To Net: NetName=DRX Pin=J2-46
Added Pin To Net: NetName=DRX Pin=JP14-2
Added Net: Name=DRX
Added Pin To Net: NetName=DTX Pin=J2-42
Added Pin To Net: NetName=DTX Pin=JP14-1
Added Net: Name=DTX
Added Pin To Net: NetName=ENABLE_A Pin=R14-1
Added Pin To Net: NetName=ENABLE_A Pin=U3-45
Added Pin To Net: NetName=ENABLE_A Pin=U5-17
Added Net: Name=ENABLE_A
Added Pin To Net: NetName=ENABLE_B Pin=R16-1
Added Pin To Net: NetName=ENABLE_B Pin=U3-44
Added Pin To Net: NetName=ENABLE_B Pin=U6-17
Added Net: Name=ENABLE_B
Added Pin To Net: NetName=ENABLE_C Pin=R25-1
Added Pin To Net: NetName=ENABLE_C Pin=U3-83
Added Pin To Net: NetName=ENABLE_C Pin=U8-17
Added Net: Name=ENABLE_C
Added Pin To Net: NetName=ETH_RREF Pin=C29-2
Added Pin To Net: NetName=ETH_RREF Pin=J2-27
Added Pin To Net: NetName=ETH_RREF Pin=R40-1
Added Pin To Net: NetName=ETH_RREF Pin=R41-1
Added Pin To Net: NetName=ETH_RREF Pin=RJ£¿1-5
Added Net: Name=ETH_RREF
Added Pin To Net: NetName=ETH_RX+ Pin=J2-25
Added Pin To Net: NetName=ETH_RX+ Pin=R40-2
Added Pin To Net: NetName=ETH_RX+ Pin=RJ£¿1-3
Added Net: Name=ETH_RX+
Added Pin To Net: NetName=ETH_RX- Pin=J2-23
Added Pin To Net: NetName=ETH_RX- Pin=R41-2
Added Pin To Net: NetName=ETH_RX- Pin=RJ£¿1-6
Added Net: Name=ETH_RX-
Added Pin To Net: NetName=ETH_TREF Pin=C28-2
Added Pin To Net: NetName=ETH_TREF Pin=J2-35
Added Pin To Net: NetName=ETH_TREF Pin=R38-1
Added Pin To Net: NetName=ETH_TREF Pin=R39-1
Added Pin To Net: NetName=ETH_TREF Pin=RJ£¿1-4
Added Net: Name=ETH_TREF
Added Pin To Net: NetName=ETH_TX+ Pin=J2-33
Added Pin To Net: NetName=ETH_TX+ Pin=R38-2
Added Pin To Net: NetName=ETH_TX+ Pin=RJ£¿1-1
Added Net: Name=ETH_TX+
Added Pin To Net: NetName=ETH_TX- Pin=J2-31
Added Pin To Net: NetName=ETH_TX- Pin=R39-2
Added Pin To Net: NetName=ETH_TX- Pin=RJ£¿1-2
Added Net: Name=ETH_TX-
Added Pin To Net: NetName=GND Pin=C2-1
Added Pin To Net: NetName=GND Pin=C3-1
Added Pin To Net: NetName=GND Pin=C4-1
Added Pin To Net: NetName=GND Pin=C5-2
Added Pin To Net: NetName=GND Pin=C6-2
Added Pin To Net: NetName=GND Pin=C7-2
Added Pin To Net: NetName=GND Pin=C8-1
Added Pin To Net: NetName=GND Pin=C9-1
Added Pin To Net: NetName=GND Pin=C10-1
Added Pin To Net: NetName=GND Pin=C11-1
Added Pin To Net: NetName=GND Pin=C12-1
Added Pin To Net: NetName=GND Pin=C13-1
Added Pin To Net: NetName=GND Pin=C14-1
Added Pin To Net: NetName=GND Pin=C17-1
Added Pin To Net: NetName=GND Pin=C19-1
Added Pin To Net: NetName=GND Pin=C26-1
Added Pin To Net: NetName=GND Pin=C28-1
Added Pin To Net: NetName=GND Pin=C29-1
Added Pin To Net: NetName=GND Pin=C30-1
Added Pin To Net: NetName=GND Pin=C31-1
Added Pin To Net: NetName=GND Pin=E1-2
Added Pin To Net: NetName=GND Pin=E2-2
Added Pin To Net: NetName=GND Pin=E3-2
Added Pin To Net: NetName=GND Pin=E4-2
Added Pin To Net: NetName=GND Pin=IC1-3
Added Pin To Net: NetName=GND Pin=J1-1
Added Pin To Net: NetName=GND Pin=J2-3
Added Pin To Net: NetName=GND Pin=J2-4
Added Pin To Net: NetName=GND Pin=J2-9
Added Pin To Net: NetName=GND Pin=J2-14
Added Pin To Net: NetName=GND Pin=J2-15
Added Pin To Net: NetName=GND Pin=J2-18
Added Pin To Net: NetName=GND Pin=J2-21
Added Pin To Net: NetName=GND Pin=J2-26
Added Pin To Net: NetName=GND Pin=J2-29
Added Pin To Net: NetName=GND Pin=J2-34
Added Pin To Net: NetName=GND Pin=J2-37
Added Pin To Net: NetName=GND Pin=J2-40
Added Pin To Net: NetName=GND Pin=J2-43
Added Pin To Net: NetName=GND Pin=J2-50
Added Pin To Net: NetName=GND Pin=J2-53
Added Pin To Net: NetName=GND Pin=J2-54
Added Pin To Net: NetName=GND Pin=JP1-3
Added Pin To Net: NetName=GND Pin=JP4-3
Added Pin To Net: NetName=GND Pin=JP4-4
Added Pin To Net: NetName=GND Pin=JP5-4
Added Pin To Net: NetName=GND Pin=JP6-10
Added Pin To Net: NetName=GND Pin=JP7-13
Added Pin To Net: NetName=GND Pin=JP7-14
Added Pin To Net: NetName=GND Pin=JP8-4
Added Pin To Net: NetName=GND Pin=JP8-8
Added Pin To Net: NetName=GND Pin=JP8-12
Added Pin To Net: NetName=GND Pin=JP8-16
Added Pin To Net: NetName=GND Pin=JP12-1
Added Pin To Net: NetName=GND Pin=JP13-1
Added Pin To Net: NetName=GND Pin=JP14-3
Added Pin To Net: NetName=GND Pin=JP15-3
Added Pin To Net: NetName=GND Pin=JP15-7
Added Pin To Net: NetName=GND Pin=JP16-4
Added Pin To Net: NetName=GND Pin=LED2-2
Added Pin To Net: NetName=GND Pin=LED3-2
Added Pin To Net: NetName=GND Pin=Q1-2
Added Pin To Net: NetName=GND Pin=Q3-2
Added Pin To Net: NetName=GND Pin=R2-1
Added Pin To Net: NetName=GND Pin=R3-1
Added Pin To Net: NetName=GND Pin=R9-2
Added Pin To Net: NetName=GND Pin=R11-2
Added Pin To Net: NetName=GND Pin=R17-2
Added Pin To Net: NetName=GND Pin=R18-2
Added Pin To Net: NetName=GND Pin=R28-2
Added Pin To Net: NetName=GND Pin=R35-1
Added Pin To Net: NetName=GND Pin=R36-1
Added Pin To Net: NetName=GND Pin=R37-1
Added Pin To Net: NetName=GND Pin=RJ£¿1-8
Added Pin To Net: NetName=GND Pin=RJ£¿1-9
Added Pin To Net: NetName=GND Pin=RJ£¿1-10
Added Pin To Net: NetName=GND Pin=RJ£¿1-11
Added Pin To Net: NetName=GND Pin=RJ£¿1-12
Added Pin To Net: NetName=GND Pin=SW1-2
Added Pin To Net: NetName=GND Pin=SW1-3
Added Pin To Net: NetName=GND Pin=U2-1
Added Pin To Net: NetName=GND Pin=U3-10
Added Pin To Net: NetName=GND Pin=U3-19
Added Pin To Net: NetName=GND Pin=U3-20
Added Pin To Net: NetName=GND Pin=U3-27
Added Pin To Net: NetName=GND Pin=U3-49
Added Pin To Net: NetName=GND Pin=U3-74
Added Pin To Net: NetName=GND Pin=U3-99
Added Pin To Net: NetName=GND Pin=U4-3
Added Pin To Net: NetName=GND Pin=U5-1
Added Pin To Net: NetName=GND Pin=U5-10
Added Pin To Net: NetName=GND Pin=U5-11
Added Pin To Net: NetName=GND Pin=U5-20
Added Pin To Net: NetName=GND Pin=U6-1
Added Pin To Net: NetName=GND Pin=U6-10
Added Pin To Net: NetName=GND Pin=U6-11
Added Pin To Net: NetName=GND Pin=U6-20
Added Pin To Net: NetName=GND Pin=U7-9
Added Pin To Net: NetName=GND Pin=U7-11
Added Pin To Net: NetName=GND Pin=U7-13
Added Pin To Net: NetName=GND Pin=U7-15
Added Pin To Net: NetName=GND Pin=U8-1
Added Pin To Net: NetName=GND Pin=U8-10
Added Pin To Net: NetName=GND Pin=U8-11
Added Pin To Net: NetName=GND Pin=U8-20
Added Pin To Net: NetName=GND Pin=U9-11
Added Pin To Net: NetName=GND Pin=V1-1
Added Pin To Net: NetName=GND Pin=VD1-1
Added Pin To Net: NetName=GND Pin=X1-2
Added Pin To Net: NetName=GND Pin=X1-4
Added Net: Name=GND
Added Pin To Net: NetName=INPUT_A1 Pin=R19-1
Added Pin To Net: NetName=INPUT_A1 Pin=U3-85
Added Pin To Net: NetName=INPUT_A1 Pin=U5-8
Added Net: Name=INPUT_A1
Added Pin To Net: NetName=INPUT_A2 Pin=R13-1
Added Pin To Net: NetName=INPUT_A2 Pin=U3-56
Added Pin To Net: NetName=INPUT_A2 Pin=U5-13
Added Net: Name=INPUT_A2
Added Pin To Net: NetName=INPUT_B1 Pin=R20-1
Added Pin To Net: NetName=INPUT_B1 Pin=U3-87
Added Pin To Net: NetName=INPUT_B1 Pin=U6-8
Added Net: Name=INPUT_B1
Added Pin To Net: NetName=INPUT_B2 Pin=R15-1
Added Pin To Net: NetName=INPUT_B2 Pin=U3-88
Added Pin To Net: NetName=INPUT_B2 Pin=U6-13
Added Net: Name=INPUT_B2
Added Pin To Net: NetName=INPUT_C1 Pin=R29-1
Added Pin To Net: NetName=INPUT_C1 Pin=U3-84
Added Pin To Net: NetName=INPUT_C1 Pin=U8-8
Added Net: Name=INPUT_C1
Added Pin To Net: NetName=INPUT_C2 Pin=R23-1
Added Pin To Net: NetName=INPUT_C2 Pin=U3-82
Added Pin To Net: NetName=INPUT_C2 Pin=U8-13
Added Net: Name=INPUT_C2
Added Pin To Net: NetName=LPWM Pin=J2-45
Added Pin To Net: NetName=LPWM Pin=JP15-2
Added Pin To Net: NetName=LPWM Pin=JP16-5
Added Net: Name=LPWM
Added Pin To Net: NetName=LRX Pin=J2-49
Added Pin To Net: NetName=LRX Pin=JP15-5
Added Pin To Net: NetName=LRX Pin=JP16-2
Added Net: Name=LRX
Added Pin To Net: NetName=LTX Pin=J2-47
Added Pin To Net: NetName=LTX Pin=JP15-6
Added Pin To Net: NetName=LTX Pin=JP16-3
Added Net: Name=LTX
Added Pin To Net: NetName=MGND Pin=C22-1
Added Pin To Net: NetName=MGND Pin=C23-1
Added Pin To Net: NetName=MGND Pin=C24-1
Added Pin To Net: NetName=MGND Pin=C25-1
Added Net: Name=MGND
Added Pin To Net: NetName=MLED Pin=J2-24
Added Pin To Net: NetName=MLED Pin=R42-2
Added Net: Name=MLED
Added Pin To Net: NetName=NCCMD Pin=J2-16
Added Pin To Net: NetName=NCCMD Pin=U3-80
Added Net: Name=NCCMD
Added Pin To Net: NetName=NetB1_2 Pin=B1-2
Added Pin To Net: NetName=NetB1_2 Pin=Q1-3
Added Pin To Net: NetName=NetB1_2 Pin=R7-1
Added Net: Name=NetB1_2
Added Pin To Net: NetName=NetC1_1 Pin=C1-1
Added Net: Name=NetC1_1
Added Pin To Net: NetName=NetC1_2 Pin=C1-2
Added Pin To Net: NetName=NetC1_2 Pin=L1-1
Added Pin To Net: NetName=NetC1_2 Pin=VD1-2
Added Net: Name=NetC1_2
Added Pin To Net: NetName=NetC2_2 Pin=C2-2
Added Pin To Net: NetName=NetC2_2 Pin=E2-1
Added Pin To Net: NetName=NetC2_2 Pin=F1-1
Added Pin To Net: NetName=NetC2_2 Pin=L1-2
Added Pin To Net: NetName=NetC2_2 Pin=R1-2
Added Net: Name=NetC2_2
Added Pin To Net: NetName=NetC6_1 Pin=C6-1
Added Pin To Net: NetName=NetC6_1 Pin=U3-13
Added Pin To Net: NetName=NetC6_1 Pin=X1-3
Added Net: Name=NetC6_1
Added Pin To Net: NetName=NetC7_1 Pin=C7-1
Added Pin To Net: NetName=NetC7_1 Pin=U3-12
Added Pin To Net: NetName=NetC7_1 Pin=X1-1
Added Net: Name=NetC7_1
Added Pin To Net: NetName=NetC15_2 Pin=C15-2
Added Pin To Net: NetName=NetC15_2 Pin=U5-14
Added Net: Name=NetC15_2
Added Pin To Net: NetName=NetC16_2 Pin=C16-2
Added Pin To Net: NetName=NetC16_2 Pin=U6-14
Added Net: Name=NetC16_2
Added Pin To Net: NetName=NetC17_2 Pin=C17-2
Added Pin To Net: NetName=NetC17_2 Pin=U5-15
Added Net: Name=NetC17_2
Added Pin To Net: NetName=NetC18_1 Pin=C18-1
Added Pin To Net: NetName=NetC18_1 Pin=U5-7
Added Net: Name=NetC18_1
Added Pin To Net: NetName=NetC19_2 Pin=C19-2
Added Pin To Net: NetName=NetC19_2 Pin=U6-15
Added Net: Name=NetC19_2
Added Pin To Net: NetName=NetC20_1 Pin=C20-1
Added Pin To Net: NetName=NetC20_1 Pin=U6-7
Added Net: Name=NetC20_1
Added Pin To Net: NetName=NetC21_2 Pin=C21-2
Added Pin To Net: NetName=NetC21_2 Pin=U8-14
Added Net: Name=NetC21_2
Added Pin To Net: NetName=NetC22_2 Pin=C22-2
Added Pin To Net: NetName=NetC22_2 Pin=R22-4
Added Pin To Net: NetName=NetC22_2 Pin=U3-66
Added Net: Name=NetC22_2
Added Pin To Net: NetName=NetC23_2 Pin=C23-2
Added Pin To Net: NetName=NetC23_2 Pin=R22-3
Added Pin To Net: NetName=NetC23_2 Pin=U3-65
Added Net: Name=NetC23_2
Added Pin To Net: NetName=NetC24_2 Pin=C24-2
Added Pin To Net: NetName=NetC24_2 Pin=R22-2
Added Pin To Net: NetName=NetC24_2 Pin=U3-64
Added Net: Name=NetC24_2
Added Pin To Net: NetName=NetC25_2 Pin=C25-2
Added Pin To Net: NetName=NetC25_2 Pin=R22-1
Added Pin To Net: NetName=NetC25_2 Pin=U3-63
Added Net: Name=NetC25_2
Added Pin To Net: NetName=NetC26_2 Pin=C26-2
Added Pin To Net: NetName=NetC26_2 Pin=U8-15
Added Net: Name=NetC26_2
Added Pin To Net: NetName=NetC27_1 Pin=C27-1
Added Pin To Net: NetName=NetC27_1 Pin=U8-7
Added Net: Name=NetC27_1
Added Pin To Net: NetName=NetC30_2 Pin=C30-2
Added Pin To Net: NetName=NetC30_2 Pin=C31-2
Added Pin To Net: NetName=NetC30_2 Pin=L2-1
Added Pin To Net: NetName=NetC30_2 Pin=L3-1
Added Pin To Net: NetName=NetC30_2 Pin=Q2-3
Added Net: Name=NetC30_2
Added Pin To Net: NetName=NetE3_1 Pin=E3-1
Added Pin To Net: NetName=NetE3_1 Pin=F2-1
Added Pin To Net: NetName=NetE3_1 Pin=V1-2
Added Pin To Net: NetName=NetE3_1 Pin=V1-2
Added Net: Name=NetE3_1
Added Pin To Net: NetName=NetJP6_1 Pin=JP6-1
Added Pin To Net: NetName=NetJP6_1 Pin=U3-23
Added Net: Name=NetJP6_1
Added Pin To Net: NetName=NetJP6_2 Pin=JP6-2
Added Pin To Net: NetName=NetJP6_2 Pin=U3-3
Added Net: Name=NetJP6_2
Added Pin To Net: NetName=NetJP6_3 Pin=JP6-3
Added Pin To Net: NetName=NetJP6_3 Pin=U3-2
Added Net: Name=NetJP6_3
Added Pin To Net: NetName=NetJP6_4 Pin=JP6-4
Added Pin To Net: NetName=NetJP6_4 Pin=U3-1
Added Net: Name=NetJP6_4
Added Pin To Net: NetName=NetJP6_5 Pin=JP6-5
Added Pin To Net: NetName=NetJP6_5 Pin=U3-31
Added Net: Name=NetJP6_5
Added Pin To Net: NetName=NetJP6_6 Pin=JP6-6
Added Pin To Net: NetName=NetJP6_6 Pin=U3-96
Added Net: Name=NetJP6_6
Added Pin To Net: NetName=NetJP6_7 Pin=JP6-7
Added Pin To Net: NetName=NetJP6_7 Pin=U3-95
Added Net: Name=NetJP6_7
Added Pin To Net: NetName=NetJP6_8 Pin=JP6-8
Added Pin To Net: NetName=NetJP6_8 Pin=U3-18
Added Net: Name=NetJP6_8
Added Pin To Net: NetName=NetJP6_9 Pin=JP6-9
Added Pin To Net: NetName=NetJP6_9 Pin=U3-54
Added Net: Name=NetJP6_9
Added Pin To Net: NetName=NetJP7_1 Pin=JP7-1
Added Pin To Net: NetName=NetJP7_1 Pin=U3-61
Added Net: Name=NetJP7_1
Added Pin To Net: NetName=NetJP7_2 Pin=JP7-2
Added Pin To Net: NetName=NetJP7_2 Pin=U3-60
Added Net: Name=NetJP7_2
Added Pin To Net: NetName=NetJP7_3 Pin=JP7-3
Added Pin To Net: NetName=NetJP7_3 Pin=U3-59
Added Net: Name=NetJP7_3
Added Pin To Net: NetName=NetJP7_4 Pin=JP7-4
Added Pin To Net: NetName=NetJP7_4 Pin=U3-17
Added Net: Name=NetJP7_4
Added Pin To Net: NetName=NetJP7_5 Pin=JP7-5
Added Pin To Net: NetName=NetJP7_5 Pin=U3-16
Added Net: Name=NetJP7_5
Added Pin To Net: NetName=NetJP7_6 Pin=JP7-6
Added Pin To Net: NetName=NetJP7_6 Pin=U3-62
Added Net: Name=NetJP7_6
Added Pin To Net: NetName=NetJP7_7 Pin=JP7-7
Added Pin To Net: NetName=NetJP7_7 Pin=U3-29
Added Net: Name=NetJP7_7
Added Pin To Net: NetName=NetJP7_8 Pin=JP7-8
Added Pin To Net: NetName=NetJP7_8 Pin=U3-58
Added Net: Name=NetJP7_8
Added Pin To Net: NetName=NetJP7_9 Pin=JP7-9
Added Pin To Net: NetName=NetJP7_9 Pin=U3-52
Added Net: Name=NetJP7_9
Added Pin To Net: NetName=NetJP7_10 Pin=JP7-10
Added Pin To Net: NetName=NetJP7_10 Pin=U3-91
Added Net: Name=NetJP7_10
Added Pin To Net: NetName=NetJP7_11 Pin=JP7-11
Added Pin To Net: NetName=NetJP7_11 Pin=U3-25
Added Net: Name=NetJP7_11
Added Pin To Net: NetName=NetJP7_12 Pin=JP7-12
Added Pin To Net: NetName=NetJP7_12 Pin=U3-26
Added Net: Name=NetJP7_12
Added Pin To Net: NetName=NetJP8_2 Pin=JP8-2
Added Pin To Net: NetName=NetJP8_2 Pin=U3-41
Added Net: Name=NetJP8_2
Added Pin To Net: NetName=NetJP8_3 Pin=JP8-3
Added Pin To Net: NetName=NetJP8_3 Pin=U3-4
Added Net: Name=NetJP8_3
Added Pin To Net: NetName=NetJP8_6 Pin=JP8-6
Added Pin To Net: NetName=NetJP8_6 Pin=U3-42
Added Net: Name=NetJP8_6
Added Pin To Net: NetName=NetJP8_7 Pin=JP8-7
Added Pin To Net: NetName=NetJP8_7 Pin=U3-38
Added Net: Name=NetJP8_7
Added Pin To Net: NetName=NetJP8_10 Pin=JP8-10
Added Pin To Net: NetName=NetJP8_10 Pin=U3-43
Added Net: Name=NetJP8_10
Added Pin To Net: NetName=NetJP8_11 Pin=JP8-11
Added Pin To Net: NetName=NetJP8_11 Pin=U3-39
Added Net: Name=NetJP8_11
Added Pin To Net: NetName=NetJP8_14 Pin=JP8-14
Added Pin To Net: NetName=NetJP8_14 Pin=U3-46
Added Net: Name=NetJP8_14
Added Pin To Net: NetName=NetJP8_15 Pin=JP8-15
Added Pin To Net: NetName=NetJP8_15 Pin=U3-40
Added Net: Name=NetJP8_15
Added Pin To Net: NetName=NetJP12_2 Pin=JP12-2
Added Pin To Net: NetName=NetJP12_2 Pin=R26-1
Added Net: Name=NetJP12_2
Added Pin To Net: NetName=NetJP12_3 Pin=JP12-3
Added Pin To Net: NetName=NetJP12_3 Pin=R24-1
Added Net: Name=NetJP12_3
Added Pin To Net: NetName=NetJP13_2 Pin=JP13-2
Added Pin To Net: NetName=NetJP13_2 Pin=R31-1
Added Net: Name=NetJP13_2
Added Pin To Net: NetName=NetJP13_3 Pin=JP13-3
Added Pin To Net: NetName=NetJP13_3 Pin=R30-1
Added Net: Name=NetJP13_3
Added Pin To Net: NetName=NetJP15_1 Pin=JP15-1
Added Pin To Net: NetName=NetJP15_1 Pin=L2-2
Added Net: Name=NetJP15_1
Added Pin To Net: NetName=NetJP16_1 Pin=JP16-1
Added Pin To Net: NetName=NetJP16_1 Pin=L3-2
Added Net: Name=NetJP16_1
Added Pin To Net: NetName=NetLED1_2 Pin=LED1-2
Added Pin To Net: NetName=NetLED1_2 Pin=R3-2
Added Net: Name=NetLED1_2
Added Pin To Net: NetName=NetLED2_1 Pin=LED2-1
Added Pin To Net: NetName=NetLED2_1 Pin=R42-1
Added Net: Name=NetLED2_1
Added Pin To Net: NetName=NetLED3_1 Pin=LED3-1
Added Pin To Net: NetName=NetLED3_1 Pin=R47-1
Added Net: Name=NetLED3_1
Added Pin To Net: NetName=NetQ1_1 Pin=Q1-1
Added Pin To Net: NetName=NetQ1_1 Pin=R8-2
Added Pin To Net: NetName=NetQ1_1 Pin=R9-1
Added Net: Name=NetQ1_1
Added Pin To Net: NetName=NetQ2_1 Pin=Q2-1
Added Pin To Net: NetName=NetQ2_1 Pin=R46-1
Added Net: Name=NetQ2_1
Added Pin To Net: NetName=NetQ3_1 Pin=Q3-1
Added Pin To Net: NetName=NetQ3_1 Pin=R44-1
Added Pin To Net: NetName=NetQ3_1 Pin=R48-2
Added Net: Name=NetQ3_1
Added Pin To Net: NetName=NetQ3_3 Pin=Q3-3
Added Pin To Net: NetName=NetQ3_3 Pin=R43-1
Added Pin To Net: NetName=NetQ3_3 Pin=R44-2
Added Pin To Net: NetName=NetQ3_3 Pin=R45-1
Added Net: Name=NetQ3_3
Added Pin To Net: NetName=NetR1_1 Pin=R1-1
Added Pin To Net: NetName=NetR1_1 Pin=R2-2
Added Net: Name=NetR1_1
Added Pin To Net: NetName=NetR21_1 Pin=R21-1
Added Pin To Net: NetName=NetR21_1 Pin=R22-8
Added Pin To Net: NetName=NetR21_1 Pin=U7-16
Added Net: Name=NetR21_1
Added Pin To Net: NetName=NetR21_2 Pin=R21-2
Added Pin To Net: NetName=NetR21_2 Pin=R22-7
Added Pin To Net: NetName=NetR21_2 Pin=U7-14
Added Net: Name=NetR21_2
Added Pin To Net: NetName=NetR21_3 Pin=R21-3
Added Pin To Net: NetName=NetR21_3 Pin=R22-6
Added Pin To Net: NetName=NetR21_3 Pin=U7-12
Added Net: Name=NetR21_3
Added Pin To Net: NetName=NetR21_4 Pin=R21-4
Added Pin To Net: NetName=NetR21_4 Pin=R22-5
Added Pin To Net: NetName=NetR21_4 Pin=U7-10
Added Net: Name=NetR21_4
Added Pin To Net: NetName=NetR32_1 Pin=R32-1
Added Pin To Net: NetName=NetR32_1 Pin=R35-2
Added Pin To Net: NetName=NetR32_1 Pin=U9-2
Added Net: Name=NetR32_1
Added Pin To Net: NetName=NetR33_1 Pin=R33-1
Added Pin To Net: NetName=NetR33_1 Pin=R36-2
Added Pin To Net: NetName=NetR33_1 Pin=U9-6
Added Net: Name=NetR33_1
Added Pin To Net: NetName=NetR34_1 Pin=R34-1
Added Pin To Net: NetName=NetR34_1 Pin=R37-2
Added Pin To Net: NetName=NetR34_1 Pin=U9-9
Added Net: Name=NetR34_1
Added Pin To Net: NetName=NetTP1_1 Pin=TP1-1
Added Pin To Net: NetName=NetTP1_1 Pin=U3-81
Added Net: Name=NetTP1_1
Added Pin To Net: NetName=NetTP2_1 Pin=TP2-1
Added Pin To Net: NetName=NetTP2_1 Pin=U3-24
Added Net: Name=NetTP2_1
Added Pin To Net: NetName=NetTP3_1 Pin=TP3-1
Added Pin To Net: NetName=NetTP3_1 Pin=U3-30
Added Net: Name=NetTP3_1
Added Pin To Net: NetName=NetTP4_1 Pin=TP4-1
Added Pin To Net: NetName=NetTP4_1 Pin=U3-86
Added Net: Name=NetTP4_1
Added Pin To Net: NetName=NetTP5_1 Pin=TP5-1
Added Pin To Net: NetName=NetTP5_1 Pin=U3-32
Added Net: Name=NetTP5_1
Added Pin To Net: NetName=NetTP6_1 Pin=TP6-1
Added Pin To Net: NetName=NetTP6_1 Pin=U3-67
Added Net: Name=NetTP6_1
Added Pin To Net: NetName=NetTP7_1 Pin=TP7-1
Added Pin To Net: NetName=NetTP7_1 Pin=U3-55
Added Net: Name=NetTP7_1
Added Pin To Net: NetName=NetTP8_1 Pin=TP8-1
Added Pin To Net: NetName=NetTP8_1 Pin=U3-57
Added Net: Name=NetTP8_1
Added Pin To Net: NetName=NetTP9_1 Pin=TP9-1
Added Pin To Net: NetName=NetTP9_1 Pin=U3-35
Added Net: Name=NetTP9_1
Added Pin To Net: NetName=NetTP10_1 Pin=TP10-1
Added Pin To Net: NetName=NetTP10_1 Pin=U3-36
Added Net: Name=NetTP10_1
Added Pin To Net: NetName=NetTP11_1 Pin=TP11-1
Added Pin To Net: NetName=NetTP11_1 Pin=U3-37
Added Net: Name=NetTP11_1
Added Pin To Net: NetName=NetTP12_1 Pin=TP12-1
Added Pin To Net: NetName=NetTP12_1 Pin=U3-89
Added Net: Name=NetTP12_1
Added Pin To Net: NetName=NetTP13_1 Pin=TP13-1
Added Pin To Net: NetName=NetTP13_1 Pin=U3-90
Added Net: Name=NetTP13_1
Added Pin To Net: NetName=NetTP14_1 Pin=TP14-1
Added Pin To Net: NetName=NetTP14_1 Pin=U3-6
Added Net: Name=NetTP14_1
Added Pin To Net: NetName=NetTP15_1 Pin=TP15-1
Added Pin To Net: NetName=NetTP15_1 Pin=U3-97
Added Net: Name=NetTP15_1
Added Pin To Net: NetName=NetTP16_1 Pin=TP16-1
Added Pin To Net: NetName=NetTP16_1 Pin=U3-7
Added Net: Name=NetTP16_1
Added Pin To Net: NetName=NetTP17_1 Pin=TP17-1
Added Pin To Net: NetName=NetTP17_1 Pin=U3-98
Added Net: Name=NetTP17_1
Added Pin To Net: NetName=NetTP18_1 Pin=TP18-1
Added Pin To Net: NetName=NetTP18_1 Pin=U3-8
Added Net: Name=NetTP18_1
Added Pin To Net: NetName=NetTP19_1 Pin=TP19-1
Added Pin To Net: NetName=NetTP19_1 Pin=U3-9
Added Net: Name=NetTP19_1
Added Pin To Net: NetName=NetTP20_1 Pin=TP20-1
Added Pin To Net: NetName=NetTP20_1 Pin=U3-5
Added Net: Name=NetTP20_1
Added Pin To Net: NetName=NL5VEN Pin=J2-51
Added Pin To Net: NetName=NL5VEN Pin=R48-1
Added Net: Name=NL5VEN
Added Pin To Net: NetName=NRELOAD Pin=C3-2
Added Pin To Net: NetName=NRELOAD Pin=R4-2
Added Pin To Net: NetName=NRELOAD Pin=U2-10
Added Net: Name=NRELOAD
Added Pin To Net: NetName=NRST Pin=C5-1
Added Pin To Net: NetName=NRST Pin=JP5-1
Added Pin To Net: NetName=NRST Pin=R10-1
Added Pin To Net: NetName=NRST Pin=U3-14
Added Net: Name=NRST
Added Pin To Net: NetName=OUTPUT_A1 Pin=C18-2
Added Pin To Net: NetName=OUTPUT_A1 Pin=JP9-1
Added Pin To Net: NetName=OUTPUT_A1 Pin=U5-6
Added Net: Name=OUTPUT_A1
Added Pin To Net: NetName=OUTPUT_A2 Pin=C15-1
Added Pin To Net: NetName=OUTPUT_A2 Pin=JP9-2
Added Pin To Net: NetName=OUTPUT_A2 Pin=U5-4
Added Net: Name=OUTPUT_A2
Added Pin To Net: NetName=OUTPUT_B1 Pin=C20-2
Added Pin To Net: NetName=OUTPUT_B1 Pin=JP10-1
Added Pin To Net: NetName=OUTPUT_B1 Pin=U6-6
Added Net: Name=OUTPUT_B1
Added Pin To Net: NetName=OUTPUT_B2 Pin=C16-1
Added Pin To Net: NetName=OUTPUT_B2 Pin=JP10-2
Added Pin To Net: NetName=OUTPUT_B2 Pin=U6-4
Added Net: Name=OUTPUT_B2
Added Pin To Net: NetName=OUTPUT_C1 Pin=C27-2
Added Pin To Net: NetName=OUTPUT_C1 Pin=JP11-1
Added Pin To Net: NetName=OUTPUT_C1 Pin=U8-6
Added Net: Name=OUTPUT_C1
Added Pin To Net: NetName=OUTPUT_C2 Pin=C21-1
Added Pin To Net: NetName=OUTPUT_C2 Pin=JP11-2
Added Pin To Net: NetName=OUTPUT_C2 Pin=U8-4
Added Net: Name=OUTPUT_C2
Added Pin To Net: NetName=PA9 Pin=JP2-3
Added Pin To Net: NetName=PA9 Pin=U3-68
Added Net: Name=PA9
Added Pin To Net: NetName=PA10 Pin=JP2-4
Added Pin To Net: NetName=PA10 Pin=U3-69
Added Net: Name=PA10
Added Pin To Net: NetName=PA11 Pin=R6-2
Added Pin To Net: NetName=PA11 Pin=SW1-1
Added Pin To Net: NetName=PA11 Pin=SW1-4
Added Pin To Net: NetName=PA11 Pin=U3-70
Added Net: Name=PA11
Added Pin To Net: NetName=PA13 Pin=JP5-2
Added Pin To Net: NetName=PA13 Pin=U3-72
Added Net: Name=PA13
Added Pin To Net: NetName=PA14 Pin=JP5-3
Added Pin To Net: NetName=PA14 Pin=U3-76
Added Net: Name=PA14
Added Pin To Net: NetName=PB10 Pin=U2-3
Added Pin To Net: NetName=PB10 Pin=U3-48
Added Net: Name=PB10
Added Pin To Net: NetName=PB11 Pin=U2-4
Added Pin To Net: NetName=PB11 Pin=U3-47
Added Net: Name=PB11
Added Pin To Net: NetName=PB12 Pin=U3-51
Added Pin To Net: NetName=PB12 Pin=U4-4
Added Net: Name=PB12
Added Pin To Net: NetName=PC10_TX Pin=JP1-1
Added Pin To Net: NetName=PC10_TX Pin=U3-78
Added Net: Name=PC10_TX
Added Pin To Net: NetName=PC11_RX Pin=JP1-2
Added Pin To Net: NetName=PC11_RX Pin=U3-79
Added Net: Name=PC11_RX
Added Pin To Net: NetName=RESET Pin=C4-2
Added Pin To Net: NetName=RESET Pin=R5-2
Added Pin To Net: NetName=RESET Pin=U2-7
Added Net: Name=RESET
Added Pin To Net: NetName=RIN13 Pin=R27-8
Added Pin To Net: NetName=RIN13 Pin=R30-2
Added Pin To Net: NetName=RIN13 Pin=U7-2
Added Net: Name=RIN13
Added Pin To Net: NetName=RIN14 Pin=R27-7
Added Pin To Net: NetName=RIN14 Pin=R31-2
Added Pin To Net: NetName=RIN14 Pin=U7-4
Added Net: Name=RIN14
Added Pin To Net: NetName=RIN15 Pin=R24-2
Added Pin To Net: NetName=RIN15 Pin=R27-6
Added Pin To Net: NetName=RIN15 Pin=U7-6
Added Net: Name=RIN15
Added Pin To Net: NetName=RIN16 Pin=R26-2
Added Pin To Net: NetName=RIN16 Pin=R27-5
Added Pin To Net: NetName=RIN16 Pin=U7-8
Added Net: Name=RIN16
Added Pin To Net: NetName=VIN Pin=E1-1
Added Pin To Net: NetName=VIN Pin=J1-2
Added Pin To Net: NetName=VIN Pin=JP12-4
Added Pin To Net: NetName=VIN Pin=JP13-4
Added Pin To Net: NetName=VIN Pin=R27-1
Added Pin To Net: NetName=VIN Pin=R27-2
Added Pin To Net: NetName=VIN Pin=R27-3
Added Pin To Net: NetName=VIN Pin=R27-4
Added Pin To Net: NetName=VIN Pin=U5-5
Added Pin To Net: NetName=VIN Pin=U6-5
Added Pin To Net: NetName=VIN Pin=U7-1
Added Pin To Net: NetName=VIN Pin=U7-3
Added Pin To Net: NetName=VIN Pin=U7-5
Added Pin To Net: NetName=VIN Pin=U7-7
Added Pin To Net: NetName=VIN Pin=U8-5
Added Net: Name=VIN
Added Pin To Net: NetName=VREF+ Pin=C13-2
Added Pin To Net: NetName=VREF+ Pin=C14-2
Added Pin To Net: NetName=VREF+ Pin=IC1-1
Added Pin To Net: NetName=VREF+ Pin=IC1-2
Added Pin To Net: NetName=VREF+ Pin=R12-2
Added Pin To Net: NetName=VREF+ Pin=U3-21
Added Net: Name=VREF+
Added Pin To Net: NetName=WLED Pin=J2-44
Added Pin To Net: NetName=WLED Pin=R47-2
Added Net: Name=WLED
Added Class: Name=main
Added Class: Name=MOTO
Added Class: Name=POW
Added Class: Name=SLAPCIE
