Change Component Description : Designator=JP2 Old Description= New Description=2*2P接插件
Change Component Description : Designator=JP3 Old Description= New Description=2P接插件
Change Component Description : Designator=JP4 Old Description= New Description=4P接插件
Change Component Description : Designator=X1 Old Description= New Description=4脚晶振
Change Component Description : Designator=JP6 Old Description= New Description=10P接插件
Change Component Description : Designator=JP7 Old Description= New Description=14P接插件
Change Component Description : Designator=JP8 Old Description= New Description=16P接插件
Change Component Description : Designator=U2 Old Description= New Description=串口转WIFI模块
Change Component Description : Designator=L2 Old Description= New Description=小功率贴片电感
Change Component Description : Designator=L3 Old Description= New Description=小功率贴片电感
Change Component Description : Designator=RJ？1 Old Description= New Description=带灯以太网接口
Change Component Description : Designator=C1 Old Description= New Description=无极性贴片电容
Change Component Description : Designator=C2 Old Description= New Description=无极性贴片电容
Change Component Description : Designator=C3 Old Description= New Description=无极性贴片电容
Change Component Description : Designator=C4 Old Description= New Description=无极性贴片电容
Change Component Description : Designator=C6 Old Description= New Description=无极性贴片电容
Change Component Description : Designator=C7 Old Description= New Description=无极性贴片电容
Change Component Description : Designator=C8 Old Description= New Description=无极性贴片电容
Change Component Description : Designator=C9 Old Description= New Description=无极性贴片电容
Change Component Description : Designator=C10 Old Description= New Description=无极性贴片电容
Change Component Description : Designator=C11 Old Description= New Description=无极性贴片电容
Change Component Description : Designator=C12 Old Description= New Description=无极性贴片电容
Change Component Description : Designator=C13 Old Description= New Description=无极性贴片电容
Change Component Description : Designator=C14 Old Description= New Description=无极性贴片电容
Change Component Description : Designator=C15 Old Description= New Description=无极性贴片电容
Change Component Description : Designator=C16 Old Description= New Description=无极性贴片电容
Change Component Description : Designator=C17 Old Description= New Description=无极性贴片电容
Change Component Description : Designator=C18 Old Description= New Description=无极性贴片电容
Change Component Description : Designator=C19 Old Description= New Description=无极性贴片电容
Change Component Description : Designator=C20 Old Description= New Description=无极性贴片电容
Change Component Description : Designator=C21 Old Description= New Description=无极性贴片电容
Change Component Description : Designator=C26 Old Description= New Description=无极性贴片电容
Change Component Description : Designator=C27 Old Description= New Description=无极性贴片电容
Change Component Description : Designator=C28 Old Description= New Description=无极性贴片电容
Change Component Description : Designator=C29 Old Description= New Description=无极性贴片电容
Change Component Description : Designator=C30 Old Description= New Description=无极性贴片电容
Change Component Description : Designator=C31 Old Description= New Description=无极性贴片电容
Change Component Description : Designator=TP2 Old Description= New Description=测试环
Change Component Description : Designator=TP3 Old Description= New Description=测试环
Change Component Description : Designator=TP5 Old Description= New Description=测试环
Change Component Description : Designator=TP6 Old Description= New Description=测试环
Change Component Description : Designator=TP9 Old Description= New Description=测试环
Change Component Description : Designator=TP10 Old Description= New Description=测试环
Change Component Description : Designator=TP12 Old Description= New Description=测试环
Change Component Description : Designator=TP13 Old Description= New Description=测试环
Change Component Description : Designator=TP15 Old Description= New Description=测试环
Change Component Description : Designator=F1 Old Description= New Description=贴片保险丝
Change Component Description : Designator=F2 Old Description= New Description=贴片保险丝
Change Component Description : Designator=R1 Old Description= New Description=贴片电阻
Change Component Description : Designator=R2 Old Description= New Description=贴片电阻
Change Component Description : Designator=R3 Old Description= New Description=贴片电阻
Change Component Description : Designator=R4 Old Description= New Description=贴片电阻
Change Component Description : Designator=R5 Old Description= New Description=贴片电阻
Change Component Description : Designator=R6 Old Description= New Description=贴片电阻
Change Component Description : Designator=R7 Old Description= New Description=贴片电阻
Change Component Description : Designator=R8 Old Description= New Description=贴片电阻
Change Component Description : Designator=R9 Old Description= New Description=贴片电阻
Change Component Description : Designator=R10 Old Description= New Description=贴片电阻
Change Component Description : Designator=R11 Old Description= New Description=贴片电阻
Change Component Description : Designator=R12 Old Description= New Description=贴片电阻
Change Component Description : Designator=R13 Old Description= New Description=贴片电阻
Change Component Description : Designator=R14 Old Description= New Description=贴片电阻
Change Component Description : Designator=R15 Old Description= New Description=贴片电阻
Change Component Description : Designator=R16 Old Description= New Description=贴片电阻
Change Component Description : Designator=R19 Old Description= New Description=贴片电阻
Change Component Description : Designator=R20 Old Description= New Description=贴片电阻
Change Component Description : Designator=R23 Old Description= New Description=贴片电阻
Change Component Description : Designator=R24 Old Description= New Description=贴片电阻
Change Component Description : Designator=R25 Old Description= New Description=贴片电阻
Change Component Description : Designator=R26 Old Description= New Description=贴片电阻
Change Component Description : Designator=R29 Old Description= New Description=贴片电阻
Change Component Description : Designator=R30 Old Description= New Description=贴片电阻
Change Component Description : Designator=R31 Old Description= New Description=贴片电阻
Change Component Description : Designator=R32 Old Description= New Description=贴片电阻
Change Component Description : Designator=R33 Old Description= New Description=贴片电阻
Change Component Description : Designator=R34 Old Description= New Description=贴片电阻
Change Component Description : Designator=R35 Old Description= New Description=贴片电阻
Change Component Description : Designator=R36 Old Description= New Description=贴片电阻
Change Component Description : Designator=R37 Old Description= New Description=贴片电阻
Change Component Description : Designator=R38 Old Description= New Description=贴片电阻
Change Component Description : Designator=R39 Old Description= New Description=贴片电阻
Change Component Description : Designator=R40 Old Description= New Description=贴片电阻
Change Component Description : Designator=R41 Old Description= New Description=贴片电阻
Change Component Description : Designator=R42 Old Description= New Description=贴片电阻
Change Component Description : Designator=R43 Old Description= New Description=贴片电阻
Change Component Description : Designator=R44 Old Description= New Description=贴片电阻
Change Component Description : Designator=R45 Old Description= New Description=贴片电阻
Change Component Description : Designator=R46 Old Description= New Description=贴片电阻
Change Component Description : Designator=R47 Old Description= New Description=贴片电阻
Change Component Description : Designator=R48 Old Description= New Description=贴片电阻
Change Component Description : Designator=U4 Old Description= New Description=集成LED灯
Change Component Description : Designator=JP1 Old Description=3 New Description=3P接插件
Change Component Description : Designator=JP14 Old Description=3 New Description=3P接插件
Change Component Description : Designator=JP5 Old Description=4 New Description=4P接插件
Change Component Description : Designator=JP12 Old Description=4 New Description=4P接插件
Change Component Description : Designator=JP13 Old Description=4 New Description=4P接插件
Change Component Description : Designator=JP16 Old Description=5 New Description=5P接插件
Change Component Description : Designator=JP15 Old Description=7 New Description=7P接插件
Change Component Description : Designator=J2 Old Description=SL New Description=SLA_MINI_PCIE
Change Component Description : Designator=SW1 Old Description=直 New Description=直插6x6轻触开关
Added Pin To Net: NetName=3.3V Pin=E3-1
Added Pin To Net: NetName=NetF2_1 Pin=F2-1
Added Pin To Net: NetName=NetF2_1 Pin=V1-2
Added Pin To Net: NetName=NetF2_1 Pin=V1-2
Added Net: Name=NetF2_1
