Removed Pin From Net: NetName=MGND Pin=C22-1
Removed Pin From Net: NetName=NetC22_2 Pin=C22-2
Removed Pin From Net: NetName=MGND Pin=C23-1
Removed Pin From Net: NetName=NetC23_2 Pin=C23-2
Removed Pin From Net: NetName=MGND Pin=C24-1
Removed Pin From Net: NetName=NetC24_2 Pin=C24-2
Removed Pin From Net: NetName=MGND Pin=C25-1
Removed Pin From Net: NetName=NetC24_2 Pin=R22-2
Removed Pin From Net: NetName=NetC22_2 Pin=R22-4
Removed Pin From Net: NetName=NetC24_2 Pin=U3-64
Removed Pin From Net: NetName=NetC22_2 Pin=U3-66
Removed Member From Class: ClassName=MOTO Member=C22
Removed Member From Class: ClassName=MOTO Member=C23
Removed Member From Class: ClassName=MOTO Member=C24
Removed Member From Class: ClassName=MOTO Member=C25
Added Pin To Net: NetName=MGND Pin=R22-1
Added Pin To Net: NetName=NetC22_2 Pin=R22-2
Added Pin To Net: NetName=NetC24_2 Pin=R22-4
Added Pin To Net: NetName=MGND Pin=U3-63
Added Pin To Net: NetName=NetC22_2 Pin=U3-64
Added Pin To Net: NetName=NetC24_2 Pin=U3-66
Change Net Name : Old Net Name=MGND New Net Name=NetR22_1
Change Net Name : Old Net Name=NetC22_2 New Net Name=NetR22_2
Change Net Name : Old Net Name=NetC23_2 New Net Name=NetR22_3
Change Net Name : Old Net Name=NetC24_2 New Net Name=NetR22_4
